{"numTotalTestSuites":5,"numPassedTestSuites":5,"numFailedTestSuites":0,"numPendingTestSuites":0,"numTotalTests":24,"numPassedTests":24,"numFailedTests":0,"numPendingTests":0,"numTodoTests":0,"snapshot":{"added":0,"failure":false,"filesAdded":0,"filesRemoved":0,"filesRemovedList":[],"filesUnmatched":0,"filesUpdated":0,"matched":0,"total":0,"unchecked":0,"uncheckedKeysByFile":[],"unmatched":0,"updated":0,"didUpdate":false},"startTime":1789584924261,"success":true,"testResults":[{"assertionResults":[{"ancestorTitles":["webhook HTTP boundary with actual local D1"],"fullName":"webhook HTTP boundary with actual local D1 persists a verified receipt before ingestion/ACK and deduplicates repeated callbacks","status":"passed","title":"persists a verified receipt before ingestion/ACK and deduplicates repeated callbacks","duration":126.35682299999985,"failureMessages":[],"meta":{},"tags":[]},{"ancestorTitles":["webhook HTTP boundary with actual local D1"],"fullName":"webhook HTTP boundary with actual local D1 recovers projection failure from its durable receipt without another provider callback","status":"passed","title":"recovers projection failure from its durable receipt without another provider callback","duration":89.64690500000006,"failureMessages":[],"meta":{},"tags":[]},{"ancestorTitles":["webhook HTTP boundary with actual local D1"],"fullName":"webhook HTTP boundary with actual local D1 refuses ACK when durable storage fails","status":"passed","title":"refuses ACK when durable storage fails","duration":11.038659999999936,"failureMessages":[],"meta":{},"tags":[]},{"ancestorTitles":["webhook HTTP boundary with actual local D1"],"fullName":"webhook HTTP boundary with actual local D1 rejects signature tampering before any receipt and preserves unknown event metadata","status":"passed","title":"rejects signature tampering before any receipt and preserves unknown event metadata","duration":59.069439999999986,"failureMessages":[],"meta":{},"tags":[]}],"startTime":1789584925302,"endTime":1789584925588.0693,"status":"passed","message":"","name":"/workspace/scratch/98a2c853fa66/guteneo/tests/unit/providers-webhooks.test.ts"},{"assertionResults":[{"ancestorTitles":["real provider request contracts (no real calls)"],"fullName":"real provider request contracts (no real calls) Telnyx sends a single request, preserves client correlation and only reports acceptance","status":"passed","title":"Telnyx sends a single request, preserves client correlation and only reports acceptance","duration":4.564409000000012,"failureMessages":[],"meta":{},"tags":[]},{"ancestorTitles":["real provider request contracts (no real calls)"],"fullName":"real provider request contracts (no real calls) never retries ambiguous Telnyx submission","status":"passed","title":"never retries ambiguous Telnyx submission","duration":0.5231449999999995,"failureMessages":[],"meta":{},"tags":[]},{"ancestorTitles":["real provider request contracts (no real calls)"],"fullName":"real provider request contracts (no real calls) never retries ambiguous Telnyx submission","status":"passed","title":"never retries ambiguous Telnyx submission","duration":0.3405740000000037,"failureMessages":[],"meta":{},"tags":[]},{"ancestorTitles":["real provider request contracts (no real calls)"],"fullName":"real provider request contracts (no real calls) never retries ambiguous Telnyx submission","status":"passed","title":"never retries ambiguous Telnyx submission","duration":0.37602700000002187,"failureMessages":[],"meta":{},"tags":[]},{"ancestorTitles":["real provider request contracts (no real calls)"],"fullName":"real provider request contracts (no real calls) blocks unexpected signed media hosts and short expiry without network access","status":"passed","title":"blocks unexpected signed media hosts and short expiry without network access","duration":0.7136969999999963,"failureMessages":[],"meta":{},"tags":[]},{"ancestorTitles":["real provider request contracts (no real calls)"],"fullName":"real provider request contracts (no real calls) reports cancellation as requested after Telnyx 202, never confirmed","status":"passed","title":"reports cancellation as requested after Telnyx 202, never confirmed","duration":0.42735300000001075,"failureMessages":[],"meta":{},"tags":[]},{"ancestorTitles":["real provider request contracts (no real calls)"],"fullName":"real provider request contracts (no real calls) SES signs real JSON wire content with SigV4 and isolates one recipient","status":"passed","title":"SES signs real JSON wire content with SigV4 and isolates one recipient","duration":6.885244999999998,"failureMessages":[],"meta":{},"tags":[]},{"ancestorTitles":["real provider request contracts (no real calls)"],"fullName":"real provider request contracts (no real calls) SES rejects header injection, unverified sender and marketing without approved unsubscribe","status":"passed","title":"SES rejects header injection, unverified sender and marketing without approved unsubscribe","duration":0.5362140000000011,"failureMessages":[],"meta":{},"tags":[]},{"ancestorTitles":["real provider request contracts (no real calls)"],"fullName":"real provider request contracts (no real calls) SES holds an unknown outcome without SDK retry","status":"passed","title":"SES holds an unknown outcome without SDK retry","duration":8.520985999999994,"failureMessages":[],"meta":{},"tags":[]},{"ancestorTitles":["real provider request contracts (no real calls)"],"fullName":"real provider request contracts (no real calls) Pingen uploads untouched bytes without bearer leakage and creates an auto_send=false draft","status":"passed","title":"Pingen uploads untouched bytes without bearer leakage and creates an auto_send=false draft","duration":2.077175000000011,"failureMessages":[],"meta":{},"tags":[]},{"ancestorTitles":["real provider request contracts (no real calls)"],"fullName":"real provider request contracts (no real calls) Pingen will not upload to arbitrary URLs returned in a malicious response","status":"passed","title":"Pingen will not upload to arbitrary URLs returned in a malicious response","duration":1.6591470000000186,"failureMessages":[],"meta":{},"tags":[]},{"ancestorTitles":["real provider request contracts (no real calls)"],"fullName":"real provider request contracts (no real calls) Pingen enforces reviewed address and cost before send","status":"passed","title":"Pingen enforces reviewed address and cost before send","duration":1.2472569999999905,"failureMessages":[],"meta":{},"tags":[]},{"ancestorTitles":["real provider request contracts (no real calls)"],"fullName":"real provider request contracts (no real calls) Pingen uses documented idempotency for send and retains provider ID on response loss","status":"passed","title":"Pingen uses documented idempotency for send and retains provider ID on response loss","duration":0.7922429999999849,"failureMessages":[],"meta":{},"tags":[]},{"ancestorTitles":["real provider request contracts (no real calls)"],"fullName":"real provider request contracts (no real calls) distinguishes a failed postal preflight from a potentially submitted letter","status":"passed","title":"distinguishes a failed postal preflight from a potentially submitted letter","duration":0.27446700000001556,"failureMessages":[],"meta":{},"tags":[]},{"ancestorTitles":["real provider request contracts (no real calls)"],"fullName":"real provider request contracts (no real calls) parses provider decimal money with exact digits and refuses unsupported precision","status":"passed","title":"parses provider decimal money with exact digits and refuses unsupported precision","duration":0.26377100000001974,"failureMessages":[],"meta":{},"tags":[]},{"ancestorTitles":["cryptographically verified callbacks"],"fullName":"cryptographically verified callbacks verifies Ed25519 over raw Telnyx bytes, refuses tamper/replay/account mismatch","status":"passed","title":"verifies Ed25519 over raw Telnyx bytes, refuses tamper/replay/account mismatch","duration":3.0558249999999987,"failureMessages":[],"meta":{},"tags":[]},{"ancestorTitles":["cryptographically verified callbacks"],"fullName":"cryptographically verified callbacks Pingen authenticates HMAC and distinguishes handover from delivery","status":"passed","title":"Pingen authenticates HMAC and distinguishes handover from delivery","duration":1.1899020000000178,"failureMessages":[],"meta":{},"tags":[]},{"ancestorTitles":["cryptographically verified callbacks"],"fullName":"cryptographically verified callbacks verifies SNS RSA-SHA256 and late complaint facts with a local certificate fixture","status":"passed","title":"verifies SNS RSA-SHA256 and late complaint facts with a local certificate fixture","duration":4.124115999999987,"failureMessages":[],"meta":{},"tags":[]},{"ancestorTitles":["cryptographically verified callbacks"],"fullName":"cryptographically verified callbacks rejects SNS certificate SSRF, wrong topic, old signature before any fetch","status":"passed","title":"rejects SNS certificate SSRF, wrong topic, old signature before any fetch","duration":0.7752879999999891,"failureMessages":[],"meta":{},"tags":[]},{"ancestorTitles":["cryptographically verified callbacks"],"fullName":"cryptographically verified callbacks canonicalizes SNS confirmation but never follows its SubscribeURL","status":"passed","title":"canonicalizes SNS confirmation but never follows its SubscribeURL","duration":0.17642100000000482,"failureMessages":[],"meta":{},"tags":[]}],"startTime":1789584925820,"endTime":1789584925859.1765,"status":"passed","message":"","name":"/workspace/scratch/98a2c853fa66/guteneo/tests/unit/providers.test.ts"}]}