{"numTotalTestSuites":39,"numPassedTestSuites":39,"numFailedTestSuites":0,"numPendingTestSuites":0,"numTotalTests":256,"numPassedTests":256,"numFailedTests":0,"numPendingTests":0,"numTodoTests":0,"snapshot":{"added":0,"failure":false,"filesAdded":0,"filesRemoved":0,"filesRemovedList":[],"filesUnmatched":0,"filesUpdated":0,"matched":0,"total":0,"unchecked":0,"uncheckedKeysByFile":[],"unmatched":0,"updated":0,"didUpdate":false},"startTime":1789596852244,"success":true,"testResults":[{"assertionResults":[{"ancestorTitles":["Document lifecycle — actual Miniflare D1 and R2"],"fullName":"Document lifecycle — actual Miniflare D1 and R2 upgrades retained documents without changing existing approvals, reservations or references","status":"passed","title":"upgrades retained documents without changing existing approvals, reservations or references","duration":971.6940419999999,"failureMessages":[],"meta":{},"tags":[]},{"ancestorTitles":["Document lifecycle — actual Miniflare D1 and R2"],"fullName":"Document lifecycle — actual Miniflare D1 and R2 preserves every original byte, deduplicates only within an organization, and isolates preview access","status":"passed","title":"preserves every original byte, deduplicates only within an organization, and isolates preview access","duration":570.010417,"failureMessages":[],"meta":{},"tags":[]},{"ancestorTitles":["Document lifecycle — actual Miniflare D1 and R2"],"fullName":"Document lifecycle — actual Miniflare D1 and R2 rejects a viewer before R2 storage, accounting, scanning, rendering or URL access","status":"passed","title":"rejects a viewer before R2 storage, accounting, scanning, rendering or URL access","duration":283.97125000000005,"failureMessages":[],"meta":{},"tags":[]},{"ancestorTitles":["Document lifecycle — actual Miniflare D1 and R2"],"fullName":"Document lifecycle — actual Miniflare D1 and R2 atomically caps concurrent uploads before writing the losing file","status":"passed","title":"atomically caps concurrent uploads before writing the losing file","duration":361.20095800000036,"failureMessages":[],"meta":{},"tags":[]},{"ancestorTitles":["Document lifecycle — actual Miniflare D1 and R2"],"fullName":"Document lifecycle — actual Miniflare D1 and R2 bounds concurrent rendering before invoking the external engine","status":"passed","title":"bounds concurrent rendering before invoking the external engine","duration":389.60183400000005,"failureMessages":[],"meta":{},"tags":[]},{"ancestorTitles":["Document lifecycle — actual Miniflare D1 and R2"],"fullName":"Document lifecycle — actual Miniflare D1 and R2 quarantines unparsed remote bytes with unknown page count when the scanner is absent","status":"passed","title":"quarantines unparsed remote bytes with unknown page count when the scanner is absent","duration":349.9680840000001,"failureMessages":[],"meta":{},"tags":[]},{"ancestorTitles":["Document lifecycle — actual Miniflare D1 and R2"],"fullName":"Document lifecycle — actual Miniflare D1 and R2 promotes a quarantined immutable version only after matching clean scan and isolated validation","status":"passed","title":"promotes a quarantined immutable version only after matching clean scan and isolated validation","duration":622.3461659999994,"failureMessages":[],"meta":{},"tags":[]},{"ancestorTitles":["Document lifecycle — actual Miniflare D1 and R2"],"fullName":"Document lifecycle — actual Miniflare D1 and R2 preserves expired content referenced by a prepared or uncertain dispatch","status":"passed","title":"preserves expired content referenced by a prepared or uncertain dispatch","duration":1124.2530419999994,"failureMessages":[],"meta":{},"tags":[]},{"ancestorTitles":["Document lifecycle — actual Miniflare D1 and R2"],"fullName":"Document lifecycle — actual Miniflare D1 and R2 purges expired terminal content once without changing dispatches or duplicating audit","status":"passed","title":"purges expired terminal content once without changing dispatches or duplicating audit","duration":1348.9948749999994,"failureMessages":[],"meta":{},"tags":[]},{"ancestorTitles":["Document lifecycle — actual Miniflare D1 and R2"],"fullName":"Document lifecycle — actual Miniflare D1 and R2 resumes a purge interrupted after the DB tombstone and before R2 deletion","status":"passed","title":"resumes a purge interrupted after the DB tombstone and before R2 deletion","duration":608.4817910000002,"failureMessages":[],"meta":{},"tags":[]},{"ancestorTitles":["Document lifecycle — actual Miniflare D1 and R2"],"fullName":"Document lifecycle — actual Miniflare D1 and R2 reimports purged bytes as a new deduplicated version without reviving an approved reference","status":"passed","title":"reimports purged bytes as a new deduplicated version without reviving an approved reference","duration":1762.7614999999987,"failureMessages":[],"meta":{},"tags":[]},{"ancestorTitles":["Document lifecycle — actual Miniflare D1 and R2"],"fullName":"Document lifecycle — actual Miniflare D1 and R2 resuming an interrupted old purge cannot delete newly imported bytes","status":"passed","title":"resuming an interrupted old purge cannot delete newly imported bytes","duration":563.2107080000005,"failureMessages":[],"meta":{},"tags":[]},{"ancestorTitles":["Document lifecycle — actual Miniflare D1 and R2"],"fullName":"Document lifecycle — actual Miniflare D1 and R2 leaves bytes intact when registration commits but its result is uncertain","status":"passed","title":"leaves bytes intact when registration commits but its result is uncertain","duration":370.4729590000006,"failureMessages":[],"meta":{},"tags":[]},{"ancestorTitles":["Document lifecycle — actual Miniflare D1 and R2"],"fullName":"Document lifecycle — actual Miniflare D1 and R2 a failed duplicate cleanup preserves the retained version and remains recoverable","status":"passed","title":"a failed duplicate cleanup preserves the retained version and remains recoverable","duration":575.3510420000002,"failureMessages":[],"meta":{},"tags":[]},{"ancestorTitles":["Document lifecycle — actual Miniflare D1 and R2"],"fullName":"Document lifecycle — actual Miniflare D1 and R2 advances bounded retention beyond the first 25 expired documents","status":"passed","title":"advances bounded retention beyond the first 25 expired documents","duration":3903.385375,"failureMessages":[],"meta":{},"tags":[]}],"startTime":1789596886078,"endTime":1789596899884.3853,"status":"passed","message":"","name":"/Users/nclsppr/Developer/guteneo/tests/integration/documents.test.ts"},{"assertionResults":[{"ancestorTitles":["D1 domain invariants — actual local Workers SQLite"],"fullName":"D1 domain invariants — actual local Workers SQLite isolates documents, dispatch detail, lists and campaigns between organizations","status":"passed","title":"isolates documents, dispatch detail, lists and campaigns between organizations","duration":534.1071249999998,"failureMessages":[],"meta":{},"tags":[]},{"ancestorTitles":["D1 domain invariants — actual local Workers SQLite"],"fullName":"D1 domain invariants — actual local Workers SQLite replays preparation exactly and rejects same key with a changed recipient","status":"passed","title":"replays preparation exactly and rejects same key with a changed recipient","duration":381.7212080000004,"failureMessages":[],"meta":{},"tags":[]},{"ancestorTitles":["D1 domain invariants — actual local Workers SQLite"],"fullName":"D1 domain invariants — actual local Workers SQLite does not let MCP self-approve or assert approval through confirm","status":"passed","title":"does not let MCP self-approve or assert approval through confirm","duration":361.53216699999984,"failureMessages":[],"meta":{},"tags":[]},{"ancestorTitles":["D1 domain invariants — actual local Workers SQLite"],"fullName":"D1 domain invariants — actual local Workers SQLite atomically confirms twice with a single reservation and durable outbox record","status":"passed","title":"atomically confirms twice with a single reservation and durable outbox record","duration":843.9112090000003,"failureMessages":[],"meta":{},"tags":[]},{"ancestorTitles":["D1 domain invariants — actual local Workers SQLite"],"fullName":"D1 domain invariants — actual local Workers SQLite enforces quotas under concurrent confirmation and rolls back losing acceptance","status":"passed","title":"enforces quotas under concurrent confirmation and rolls back losing acceptance","duration":641.0203330000004,"failureMessages":[],"meta":{},"tags":[]},{"ancestorTitles":["D1 domain invariants — actual local Workers SQLite"],"fullName":"D1 domain invariants — actual local Workers SQLite repairs commit-before-publication and tolerates duplicated queue delivery","status":"passed","title":"repairs commit-before-publication and tolerates duplicated queue delivery","duration":867.2583749999994,"failureMessages":[],"meta":{},"tags":[]},{"ancestorTitles":["D1 domain invariants — actual local Workers SQLite"],"fullName":"D1 domain invariants — actual local Workers SQLite retains quota and prohibits blind retries after a lost provider response","status":"passed","title":"retains quota and prohibits blind retries after a lost provider response","duration":705.9618339999997,"failureMessages":[],"meta":{},"tags":[]},{"ancestorTitles":["D1 domain invariants — actual local Workers SQLite"],"fullName":"D1 domain invariants — actual local Workers SQLite stores orphan callbacks, reconciles early arrivals, deduplicates, and never regresses","status":"passed","title":"stores orphan callbacks, reconciles early arrivals, deduplicates, and never regresses","duration":1163.9272919999994,"failureMessages":[],"meta":{},"tags":[]},{"ancestorTitles":["D1 domain invariants — actual local Workers SQLite"],"fullName":"D1 domain invariants — actual local Workers SQLite rejects invalid event shapes before storage and never assigns another provider callback","status":"passed","title":"rejects invalid event shapes before storage and never assigns another provider callback","duration":823.0830830000004,"failureMessages":[],"meta":{},"tags":[]},{"ancestorTitles":["D1 domain invariants — actual local Workers SQLite"],"fullName":"D1 domain invariants — actual local Workers SQLite locks immutable approved fields in SQL and freezes campaign recipient membership","status":"passed","title":"locks immutable approved fields in SQL and freezes campaign recipient membership","duration":747.436291,"failureMessages":[],"meta":{},"tags":[]},{"ancestorTitles":["D1 domain invariants — actual local Workers SQLite"],"fullName":"D1 domain invariants — actual local Workers SQLite cancels only before submission and releases exactly one reservation","status":"passed","title":"cancels only before submission and releases exactly one reservation","duration":616.417625,"failureMessages":[],"meta":{},"tags":[]},{"ancestorTitles":["D1 domain invariants — actual local Workers SQLite"],"fullName":"D1 domain invariants — actual local Workers SQLite checks approval expiry and fingerprint before quota changes","status":"passed","title":"checks approval expiry and fingerprint before quota changes","duration":447.1097919999993,"failureMessages":[],"meta":{},"tags":[]},{"ancestorTitles":["D1 domain invariants — actual local Workers SQLite"],"fullName":"D1 domain invariants — actual local Workers SQLite checks suppression and emergency stop again immediately before submission","status":"passed","title":"checks suppression and emergency stop again immediately before submission","duration":613.2007919999996,"failureMessages":[],"meta":{},"tags":[]},{"ancestorTitles":["D1 domain invariants — actual local Workers SQLite"],"fullName":"D1 domain invariants — actual local Workers SQLite turns an expired processing lease into uncertainty without releasing or resubmitting","status":"passed","title":"turns an expired processing lease into uncertainty without releasing or resubmitting","duration":552.9447499999987,"failureMessages":[],"meta":{},"tags":[]},{"ancestorTitles":["D1 domain invariants — actual local Workers SQLite"],"fullName":"D1 domain invariants — actual local Workers SQLite removes hostile HTML before the immutable fingerprint and rejects header injection","status":"passed","title":"removes hostile HTML before the immutable fingerprint and rejects header injection","duration":282.2445000000007,"failureMessages":[],"meta":{},"tags":[]},{"ancestorTitles":["D1 domain invariants — actual local Workers SQLite"],"fullName":"D1 domain invariants — actual local Workers SQLite retains a known reference after uncertain submission and reconciles an earlier fact","status":"passed","title":"retains a known reference after uncertain submission and reconciles an earlier fact","duration":699.6433749999997,"failureMessages":[],"meta":{},"tags":[]},{"ancestorTitles":["D1 domain invariants — actual local Workers SQLite"],"fullName":"D1 domain invariants — actual local Workers SQLite never overwrites the reference bound by an early callback with a conflicting response","status":"passed","title":"never overwrites the reference bound by an early callback with a conflicting response","duration":698.9473750000016,"failureMessages":[],"meta":{},"tags":[]},{"ancestorTitles":["D1 domain invariants — actual local Workers SQLite"],"fullName":"D1 domain invariants — actual local Workers SQLite does not permanently suppress soft bounces; permanent bounces do suppress only their tenant","status":"passed","title":"does not permanently suppress soft bounces; permanent bounces do suppress only their tenant","duration":923.1892919999991,"failureMessages":[],"meta":{},"tags":[]},{"ancestorTitles":["D1 domain invariants — actual local Workers SQLite"],"fullName":"D1 domain invariants — actual local Workers SQLite rechecks revoked senders and quarantined documents before any provider call","status":"passed","title":"rechecks revoked senders and quarantined documents before any provider call","duration":887.8184169999986,"failureMessages":[],"meta":{},"tags":[]},{"ancestorTitles":["D1 domain invariants — actual local Workers SQLite"],"fullName":"D1 domain invariants — actual local Workers SQLite stores unparsed production files in quarantine and promotes only after trusted scan and validation","status":"passed","title":"stores unparsed production files in quarantine and promotes only after trusted scan and validation","duration":322.8944169999995,"failureMessages":[],"meta":{},"tags":[]},{"ancestorTitles":["D1 domain invariants — actual local Workers SQLite"],"fullName":"D1 domain invariants — actual local Workers SQLite rejects a forged organization role even when the user has a real membership","status":"passed","title":"rejects a forged organization role even when the user has a real membership","duration":216.19866600000023,"failureMessages":[],"meta":{},"tags":[]},{"ancestorTitles":["D1 domain invariants — actual local Workers SQLite"],"fullName":"D1 domain invariants — actual local Workers SQLite paginates deterministically and forbids production simulation pricing","status":"passed","title":"paginates deterministically and forbids production simulation pricing","duration":512.558916,"failureMessages":[],"meta":{},"tags":[]}],"startTime":1789596870779,"endTime":1789596884623.5588,"status":"passed","message":"","name":"/Users/nclsppr/Developer/guteneo/tests/integration/domain-invariants.test.ts"},{"assertionResults":[{"ancestorTitles":[],"fullName":"captures dead letters durably and idempotently without starting a provider attempt","status":"passed","title":"captures dead letters durably and idempotently without starting a provider attempt","duration":432.63241700000003,"failureMessages":[],"meta":{},"tags":[]},{"ancestorTitles":[],"fullName":"quarantines invalid messages without crashing or persisting their arbitrary body","status":"passed","title":"quarantines invalid messages without crashing or persisting their arbitrary body","duration":62.777000000000044,"failureMessages":[],"meta":{},"tags":[]},{"ancestorTitles":[],"fullName":"does not start production attempts when live sends are disabled","status":"passed","title":"does not start production attempts when live sends are disabled","duration":57.78358299999991,"failureMessages":[],"meta":{},"tags":[]},{"ancestorTitles":[],"fullName":"processes duplicate simulation delivery once through the real consumer and domain","status":"passed","title":"processes duplicate simulation delivery once through the real consumer and domain","duration":675.5380420000001,"failureMessages":[],"meta":{},"tags":[]},{"ancestorTitles":[],"fullName":"keeps each organization administrator’s dead letters isolated","status":"passed","title":"keeps each organization administrator’s dead letters isolated","duration":683.8617079999999,"failureMessages":[],"meta":{},"tags":[]}],"startTime":1789596940265,"endTime":1789596942177.8618,"status":"passed","message":"","name":"/Users/nclsppr/Developer/guteneo/tests/integration/queue.test.ts"},{"assertionResults":[{"ancestorTitles":[],"fullName":"restores independent D1/R2 fixtures without resubmitting an uncertain physical command","status":"passed","title":"restores independent D1/R2 fixtures without resubmitting an uncertain physical command","duration":5192.314875,"failureMessages":[],"meta":{},"tags":[]}],"startTime":1789596922962,"endTime":1789596928154.315,"status":"passed","message":"","name":"/Users/nclsppr/Developer/guteneo/tests/integration/restore.test.ts"},{"assertionResults":[{"ancestorTitles":["Trusted live fax quotes — isolated D1, no provider sends"],"fullName":"Trusted live fax quotes — isolated D1, no provider sends prepares an immutable qualified quote, approves it and reserves exactly once concurrently","status":"passed","title":"prepares an immutable qualified quote, approves it and reserves exactly once concurrently","duration":846.9985840000002,"failureMessages":[],"meta":{},"tags":[]},{"ancestorTitles":["Trusted live fax quotes — isolated D1, no provider sends"],"fullName":"Trusted live fax quotes — isolated D1, no provider sends rejects unqualified/missing identities, other accounts and other destinations","status":"passed","title":"rejects unqualified/missing identities, other accounts and other destinations","duration":569.9660000000003,"failureMessages":[],"meta":{},"tags":[]},{"ancestorTitles":["Trusted live fax quotes — isolated D1, no provider sends"],"fullName":"Trusted live fax quotes — isolated D1, no provider sends rejects insufficient/noninteger ceilings and options not covered by qualification","status":"passed","title":"rejects insufficient/noninteger ceilings and options not covered by qualification","duration":630.2921249999999,"failureMessages":[],"meta":{},"tags":[]},{"ancestorTitles":["Trusted live fax quotes — isolated D1, no provider sends"],"fullName":"Trusted live fax quotes — isolated D1, no provider sends binds document, recipient, options, sender and quote against in-place mutation","status":"passed","title":"binds document, recipient, options, sender and quote against in-place mutation","duration":455.93479100000013,"failureMessages":[],"meta":{},"tags":[]},{"ancestorTitles":["Trusted live fax quotes — isolated D1, no provider sends"],"fullName":"Trusted live fax quotes — isolated D1, no provider sends rejects quote expiry at human approval and at confirmation","status":"passed","title":"rejects quote expiry at human approval and at confirmation","duration":634.8873329999997,"failureMessages":[],"meta":{},"tags":[]},{"ancestorTitles":["Trusted live fax quotes — isolated D1, no provider sends"],"fullName":"Trusted live fax quotes — isolated D1, no provider sends atomically rejects direct SQL approval and acceptance after tariff revocation","status":"passed","title":"atomically rejects direct SQL approval and acceptance after tariff revocation","duration":523.7042499999998,"failureMessages":[],"meta":{},"tags":[]},{"ancestorTitles":["Trusted live fax quotes — isolated D1, no provider sends"],"fullName":"Trusted live fax quotes — isolated D1, no provider sends rejects changed account at approval and confirmation","status":"passed","title":"rejects changed account at approval and confirmation","duration":549.5891250000004,"failureMessages":[],"meta":{},"tags":[]},{"ancestorTitles":["Trusted live fax quotes — isolated D1, no provider sends"],"fullName":"Trusted live fax quotes — isolated D1, no provider sends never invokes a provider after expiry or changed account at preflight","status":"passed","title":"never invokes a provider after expiry or changed account at preflight","duration":988.4924170000004,"failureMessages":[],"meta":{},"tags":[]},{"ancestorTitles":["Trusted live fax quotes — isolated D1, no provider sends"],"fullName":"Trusted live fax quotes — isolated D1, no provider sends rejects cross-organization lookup and quote transplantation","status":"passed","title":"rejects cross-organization lookup and quote transplantation","duration":412.7239579999996,"failureMessages":[],"meta":{},"tags":[]},{"ancestorTitles":["Trusted live fax quotes — isolated D1, no provider sends"],"fullName":"Trusted live fax quotes — isolated D1, no provider sends rejects a NULL provider at the atomic SQL preflight guard","status":"passed","title":"rejects a NULL provider at the atomic SQL preflight guard","duration":643.8472080000001,"failureMessages":[],"meta":{},"tags":[]},{"ancestorTitles":["Trusted live fax quotes — isolated D1, no provider sends"],"fullName":"Trusted live fax quotes — isolated D1, no provider sends keeps a queued idempotent confirmation stable after quote expiry without reserving again","status":"passed","title":"keeps a queued idempotent confirmation stable after quote expiry without reserving again","duration":648.5141659999999,"failureMessages":[],"meta":{},"tags":[]},{"ancestorTitles":["Trusted live fax quotes — isolated D1, no provider sends"],"fullName":"Trusted live fax quotes — isolated D1, no provider sends rolls back preparation if the qualified tariff is revoked after resolution","status":"passed","title":"rolls back preparation if the qualified tariff is revoked after resolution","duration":416.2720420000005,"failureMessages":[],"meta":{},"tags":[]},{"ancestorTitles":["Trusted live fax quotes — isolated D1, no provider sends"],"fullName":"Trusted live fax quotes — isolated D1, no provider sends invalidates a quote when a more-specific destination policy is introduced","status":"passed","title":"invalidates a quote when a more-specific destination policy is introduced","duration":577.3883750000005,"failureMessages":[],"meta":{},"tags":[]}],"startTime":1789596901383,"endTime":1789596909282.3884,"status":"passed","message":"","name":"/Users/nclsppr/Developer/guteneo/tests/integration/trusted-fax-quotes.test.ts"},{"assertionResults":[{"ancestorTitles":["browser account and organization administration"],"fullName":"browser account and organization administration allows own name updates but restricts workspace changes and rejects privilege fields","status":"passed","title":"allows own name updates but restricts workspace changes and rejects privilege fields","duration":524.2370000000001,"failureMessages":[],"meta":{},"tags":[]},{"ancestorTitles":["browser account and organization administration"],"fullName":"browser account and organization administration requires a real browser session, origin and CSRF, and rejects bearer credentials","status":"passed","title":"requires a real browser session, origin and CSRF, and rejects bearer credentials","duration":225.376084,"failureMessages":[],"meta":{},"tags":[]},{"ancestorTitles":["browser account and organization administration"],"fullName":"browser account and organization administration paginates members only for the current organization's admin","status":"passed","title":"paginates members only for the current organization's admin","duration":348.12787500000013,"failureMessages":[],"meta":{},"tags":[]},{"ancestorTitles":["browser account and organization administration"],"fullName":"browser account and organization administration revokes only the caller's session and never exposes a token or token hash","status":"passed","title":"revokes only the caller's session and never exposes a token or token hash","duration":423.69283300000006,"failureMessages":[],"meta":{},"tags":[]},{"ancestorTitles":["browser account and organization administration"],"fullName":"browser account and organization administration changes member role and revokes browser, assistant and development access atomically within the tenant","status":"passed","title":"changes member role and revokes browser, assistant and development access atomically within the tenant","duration":477.0369999999998,"failureMessages":[],"meta":{},"tags":[]},{"ancestorTitles":["browser account and organization administration"],"fullName":"browser account and organization administration disconnects a member without removing membership or touching another tenant","status":"passed","title":"disconnects a member without removing membership or touching another tenant","duration":453.16550000000007,"failureMessages":[],"meta":{},"tags":[]},{"ancestorTitles":["browser account and organization administration"],"fullName":"browser account and organization administration preserves the last admin and rolls back audit and revocation on rejection","status":"passed","title":"preserves the last admin and rolls back audit and revocation on rejection","duration":354.29008299999987,"failureMessages":[],"meta":{},"tags":[]},{"ancestorTitles":["browser account and organization administration"],"fullName":"browser account and organization administration serializes simultaneous demotions so exactly one administrator remains","status":"passed","title":"serializes simultaneous demotions so exactly one administrator remains","duration":429.07537499999944,"failureMessages":[],"meta":{},"tags":[]},{"ancestorTitles":["browser account and organization administration"],"fullName":"browser account and organization administration rechecks administrator authority inside the batch after a concurrent session change","status":"passed","title":"rechecks administrator authority inside the batch after a concurrent session change","duration":377.3279169999996,"failureMessages":[],"meta":{},"tags":[]},{"ancestorTitles":["browser account and organization administration"],"fullName":"browser account and organization administration rechecks administrator authority inside the batch after a concurrent role change","status":"passed","title":"rechecks administrator authority inside the batch after a concurrent role change","duration":379.4551670000001,"failureMessages":[],"meta":{},"tags":[]},{"ancestorTitles":["browser account and organization administration"],"fullName":"browser account and organization administration stops oversized JSON bodies before profile mutation","status":"passed","title":"stops oversized JSON bodies before profile mutation","duration":228.12183300000015,"failureMessages":[],"meta":{},"tags":[]},{"ancestorTitles":["browser account and organization administration"],"fullName":"browser account and organization administration enforces MFA for a hosted administrator and never accepts a hosted development session","status":"passed","title":"enforces MFA for a hosted administrator and never accepts a hosted development session","duration":228.8387499999999,"failureMessages":[],"meta":{},"tags":[]}],"startTime":1789596918058,"endTime":1789596922506.8389,"status":"passed","message":"","name":"/Users/nclsppr/Developer/guteneo/tests/unit/account.test.ts"},{"assertionResults":[{"ancestorTitles":["identity and authentication boundaries"],"fullName":"identity and authentication boundaries issues a real local DB session and requires origin + CSRF for mutations","status":"passed","title":"issues a real local DB session and requires origin + CSRF for mutations","duration":112.430208,"failureMessages":[],"meta":{},"tags":[]},{"ancestorTitles":["identity and authentication boundaries"],"fullName":"identity and authentication boundaries does not accept a client organization header, forged cookie or removed membership","status":"passed","title":"does not accept a client organization header, forged cookie or removed membership","duration":77.32745799999998,"failureMessages":[],"meta":{},"tags":[]},{"ancestorTitles":["identity and authentication boundaries"],"fullName":"identity and authentication boundaries development identity fails closed on public hosts, staging and production","status":"passed","title":"development identity fails closed on public hosts, staging and production","duration":1.3475000000000819,"failureMessages":[],"meta":{},"tags":[]},{"ancestorTitles":["identity and authentication boundaries"],"fullName":"identity and authentication boundaries stores only the session token hash and revokes the actual session on logout","status":"passed","title":"stores only the session token hash and revokes the actual session on logout","duration":90.31562499999995,"failureMessages":[],"meta":{},"tags":[]},{"ancestorTitles":["identity and authentication boundaries"],"fullName":"identity and authentication boundaries mints a scoped short simulation MCP credential that is unusable remotely","status":"passed","title":"mints a scoped short simulation MCP credential that is unusable remotely","duration":79.63754100000006,"failureMessages":[],"meta":{},"tags":[]},{"ancestorTitles":["identity and authentication boundaries"],"fullName":"identity and authentication boundaries verifies signatures, audience, issuer and expiry with real signed JWTs","status":"passed","title":"verifies signatures, audience, issuer and expiry with real signed JWTs","duration":9.433541999999761,"failureMessages":[],"meta":{},"tags":[]},{"ancestorTitles":["identity and authentication boundaries"],"fullName":"identity and authentication boundaries enforces tool scope and trusted MFA claims","status":"passed","title":"enforces tool scope and trusted MFA claims","duration":0.38362499999993815,"failureMessages":[],"meta":{},"tags":[]},{"ancestorTitles":["identity and authentication boundaries"],"fullName":"identity and authentication boundaries creates PKCE-bound login state, rejects foreign browser state and advertises Auth0 discovery","status":"passed","title":"creates PKCE-bound login state, rejects foreign browser state and advertises Auth0 discovery","duration":34.836667000000034,"failureMessages":[],"meta":{},"tags":[]},{"ancestorTitles":["identity and authentication boundaries"],"fullName":"identity and authentication boundaries completes a PKCE callback fixture, consumes state once and provisions no funded channel","status":"passed","title":"completes a PKCE callback fixture, consumes state once and provisions no funded channel","duration":215.413,"failureMessages":[],"meta":{},"tags":[]},{"ancestorTitles":["identity and authentication boundaries"],"fullName":"identity and authentication boundaries requests real signup and fresh authentication using the same PKCE flow","status":"passed","title":"requests real signup and fresh authentication using the same PKCE flow","duration":13.7834170000001,"failureMessages":[],"meta":{},"tags":[]},{"ancestorTitles":["identity and authentication boundaries"],"fullName":"identity and authentication boundaries never provisions 'unverified email' or issues a session","status":"passed","title":"never provisions 'unverified email' or issues a session","duration":60.2368749999996,"failureMessages":[],"meta":{},"tags":[]},{"ancestorTitles":["identity and authentication boundaries"],"fullName":"identity and authentication boundaries never provisions 'verified email without MFA' or issues a session","status":"passed","title":"never provisions 'verified email without MFA' or issues a session","duration":73.03158399999984,"failureMessages":[],"meta":{},"tags":[]},{"ancestorTitles":["identity and authentication boundaries"],"fullName":"identity and authentication boundaries returns a safe retry error on token exchange network failure","status":"passed","title":"returns a safe retry error on token exchange network failure","duration":56.61937499999976,"failureMessages":[],"meta":{},"tags":[]},{"ancestorTitles":["identity and authentication boundaries"],"fullName":"identity and authentication boundaries returns a safe retry error on token exchange invalid JSON failure","status":"passed","title":"returns a safe retry error on token exchange invalid JSON failure","duration":68.13908300000003,"failureMessages":[],"meta":{},"tags":[]},{"ancestorTitles":["identity and authentication boundaries"],"fullName":"identity and authentication boundaries returns a safe retry error on token exchange null JSON failure","status":"passed","title":"returns a safe retry error on token exchange null JSON failure","duration":56.48508300000003,"failureMessages":[],"meta":{},"tags":[]},{"ancestorTitles":["identity and authentication boundaries"],"fullName":"identity and authentication boundaries bounds hosted login writes per source without retaining raw addresses","status":"passed","title":"bounds hosted login writes per source without retaining raw addresses","duration":1760.9914999999996,"failureMessages":[],"meta":{},"tags":[]},{"ancestorTitles":["actual stateless MCP transport with shared D1 domain"],"fullName":"actual stateless MCP transport with shared D1 domain advertises exact file schema and never exposes a human approval tool","status":"passed","title":"advertises exact file schema and never exposes a human approval tool","duration":114.8575839999994,"failureMessages":[],"meta":{},"tags":[]},{"ancestorTitles":["actual stateless MCP transport with shared D1 domain"],"fullName":"actual stateless MCP transport with shared D1 domain requires recorded browser approval and double confirmation creates one reservation","status":"passed","title":"requires recorded browser approval and double confirmation creates one reservation","duration":782.5526250000003,"failureMessages":[],"meta":{},"tags":[]},{"ancestorTitles":["actual stateless MCP transport with shared D1 domain"],"fullName":"actual stateless MCP transport with shared D1 domain rejects missing auth and shares the organization HTTP quota","status":"passed","title":"rejects missing auth and shares the organization HTTP quota","duration":93.36641599999984,"failureMessages":[],"meta":{},"tags":[]}],"startTime":1789596929984,"endTime":1789596933686.3665,"status":"passed","message":"","name":"/Users/nclsppr/Developer/guteneo/tests/unit/auth.test.ts"},{"assertionResults":[{"ancestorTitles":["organization billing without fabricated charges"],"fullName":"organization billing without fabricated charges shows missing configuration while keeping simulation reservations separate from invoices","status":"passed","title":"shows missing configuration while keeping simulation reservations separate from invoices","duration":101.37287500000002,"failureMessages":[],"meta":{},"tags":[]},{"ancestorTitles":["organization billing without fabricated charges"],"fullName":"organization billing without fabricated charges requires current administrator membership and a browser actor, even with a forged role","status":"passed","title":"requires current administrator membership and a browser actor, even with a forged role","duration":166.7454170000001,"failureMessages":[],"meta":{},"tags":[]},{"ancestorTitles":["organization billing without fabricated charges"],"fullName":"organization billing without fabricated charges requires session + CSRF and refuses client-supplied Stripe account fields","status":"passed","title":"requires session + CSRF and refuses client-supplied Stripe account fields","duration":183.62120800000002,"failureMessages":[],"meta":{},"tags":[]},{"ancestorTitles":["organization billing without fabricated charges"],"fullName":"organization billing without fabricated charges creates one mapped customer on concurrent requests using the same server-owned idempotency key","status":"passed","title":"creates one mapped customer on concurrent requests using the same server-owned idempotency key","duration":375.68287499999997,"failureMessages":[],"meta":{},"tags":[]},{"ancestorTitles":["organization billing without fabricated charges"],"fullName":"organization billing without fabricated charges never recreates an ambiguous customer after Stripe’s idempotency retention window","status":"passed","title":"never recreates an ambiguous customer after Stripe’s idempotency retention window","duration":65.32520799999975,"failureMessages":[],"meta":{},"tags":[]},{"ancestorTitles":["organization billing without fabricated charges"],"fullName":"organization billing without fabricated charges opens only the current organization’s portal with a scoped stable idempotency key","status":"passed","title":"opens only the current organization’s portal with a scoped stable idempotency key","duration":115.88325000000032,"failureMessages":[],"meta":{},"tags":[]},{"ancestorTitles":["organization billing without fabricated charges"],"fullName":"organization billing without fabricated charges rechecks browser and admin authority after Stripe responds: unchanged","status":"passed","title":"rechecks browser and admin authority after Stripe responds: unchanged","duration":124.50624999999991,"failureMessages":[],"meta":{},"tags":[]},{"ancestorTitles":["organization billing without fabricated charges"],"fullName":"organization billing without fabricated charges rechecks browser and admin authority after Stripe responds: session_revoked","status":"passed","title":"rechecks browser and admin authority after Stripe responds: session_revoked","duration":142.72758300000032,"failureMessages":[],"meta":{},"tags":[]},{"ancestorTitles":["organization billing without fabricated charges"],"fullName":"organization billing without fabricated charges rechecks browser and admin authority after Stripe responds: admin_demoted","status":"passed","title":"rechecks browser and admin authority after Stripe responds: admin_demoted","duration":192.44500000000016,"failureMessages":[],"meta":{},"tags":[]},{"ancestorTitles":["organization billing without fabricated charges"],"fullName":"organization billing without fabricated charges rejects foreign customer responses, unsafe portal origins and live mode on a simulation organization","status":"passed","title":"rejects foreign customer responses, unsafe portal origins and live mode on a simulation organization","duration":85.98341699999992,"failureMessages":[],"meta":{},"tags":[]},{"ancestorTitles":["signed canonical Stripe projections"],"fullName":"signed canonical Stripe projections rejects forged, expired, future and wrong-mode webhooks before any provider request","status":"passed","title":"rejects forged, expired, future and wrong-mode webhooks before any provider request","duration":5.306457999999566,"failureMessages":[],"meta":{},"tags":[]},{"ancestorTitles":["signed canonical Stripe projections"],"fullName":"signed canonical Stripe projections acknowledges unknown customer events without creating an account from metadata","status":"passed","title":"acknowledges unknown customer events without creating an account from metadata","duration":23.69529199999988,"failureMessages":[],"meta":{},"tags":[]},{"ancestorTitles":["signed canonical Stripe projections"],"fullName":"signed canonical Stripe projections projects current provider truth, ignoring the stale webhook snapshot, and replays only once","status":"passed","title":"projects current provider truth, ignoring the stale webhook snapshot, and replays only once","duration":215.38374999999996,"failureMessages":[],"meta":{},"tags":[]},{"ancestorTitles":["signed canonical Stripe projections"],"fullName":"signed canonical Stripe projections does not regress paid invoices when an earlier event arrives later","status":"passed","title":"does not regress paid invoices when an earlier event arrives later","duration":135.291291,"failureMessages":[],"meta":{},"tags":[]},{"ancestorTitles":["signed canonical Stripe projections"],"fullName":"signed canonical Stripe projections does not mark failed retrievals as processed and retries safely","status":"passed","title":"does not mark failed retrievals as processed and retries safely","duration":180.5140839999999,"failureMessages":[],"meta":{},"tags":[]},{"ancestorTitles":["signed canonical Stripe projections"],"fullName":"signed canonical Stripe projections refuses canonical responses for another customer and non-integer money","status":"passed","title":"refuses canonical responses for another customer and non-integer money","duration":151.8583749999998,"failureMessages":[],"meta":{},"tags":[]},{"ancestorTitles":["signed canonical Stripe projections"],"fullName":"signed canonical Stripe projections serializes concurrent canonical reads and fences an expired worker from writing","status":"passed","title":"serializes concurrent canonical reads and fences an expired worker from writing","duration":223.7303750000001,"failureMessages":[],"meta":{},"tags":[]},{"ancestorTitles":["signed canonical Stripe projections"],"fullName":"signed canonical Stripe projections projects payments and subscriptions without generating usage credits or invoices","status":"passed","title":"projects payments and subscriptions without generating usage credits or invoices","duration":312.66612499999974,"failureMessages":[],"meta":{},"tags":[]}],"startTime":1789596935544,"endTime":1789596938346.666,"status":"passed","message":"","name":"/Users/nclsppr/Developer/guteneo/tests/unit/billing.test.ts"},{"assertionResults":[{"ancestorTitles":[],"fullName":"refuses simulation production, remote dev and unconfigured identity","status":"passed","title":"refuses simulation production, remote dev and unconfigured identity","duration":16.341250000000002,"failureMessages":[],"meta":{},"tags":[]},{"ancestorTitles":[],"fullName":"allows only a configured SES POST to reach its independent signature verifier","status":"passed","title":"allows only a configured SES POST to reach its independent signature verifier","duration":1.5008339999999976,"failureMessages":[],"meta":{},"tags":[]},{"ancestorTitles":[],"fullName":"rejects unsafe scheduled environments before reading receipts","status":"passed","title":"rejects unsafe scheduled environments before reading receipts","duration":1.0977079999999546,"failureMessages":[],"meta":{},"tags":[]},{"ancestorTitles":[],"fullName":"allows only read-only readiness while identity is awaiting configuration","status":"passed","title":"allows only read-only readiness while identity is awaiting configuration","duration":0.6562910000000102,"failureMessages":[],"meta":{},"tags":[]},{"ancestorTitles":[],"fullName":"keeps registration and health incomplete until every identity setting exists","status":"passed","title":"keeps registration and health incomplete until every identity setting exists","duration":8.581958999999983,"failureMessages":[],"meta":{},"tags":[]}],"startTime":1789596947831,"endTime":1789596947858.582,"status":"passed","message":"","name":"/Users/nclsppr/Developer/guteneo/tests/unit/config.test.ts"},{"assertionResults":[{"ancestorTitles":["content boundary"],"fullName":"content boundary rejects an unsupported postal address line instead of silently dropping it","status":"passed","title":"rejects an unsupported postal address line instead of silently dropping it","duration":1.2267089999999996,"failureMessages":[],"meta":{},"tags":[]},{"ancestorTitles":["content boundary"],"fullName":"content boundary removes scripts, CSS, images, SVG and dangerous links before approval","status":"passed","title":"removes scripts, CSS, images, SVG and dangerous links before approval","duration":2.0600840000000176,"failureMessages":[],"meta":{},"tags":[]},{"ancestorTitles":["content boundary"],"fullName":"content boundary rejects header injection and active CSV formulas","status":"passed","title":"rejects header injection and active CSV formulas","duration":1.3137499999999989,"failureMessages":[],"meta":{},"tags":[]},{"ancestorTitles":["content boundary"],"fullName":"content boundary normalizes recipient rows and detects duplicates without sending","status":"passed","title":"normalizes recipient rows and detects duplicates without sending","duration":2.368791999999985,"failureMessages":[],"meta":{},"tags":[]},{"ancestorTitles":["content boundary"],"fullName":"content boundary refuses arbitrary URLs, localhost, credentials, redirects and insecure schemes","status":"passed","title":"refuses arbitrary URLs, localhost, credentials, redirects and insecure schemes","duration":0.6579169999999976,"failureMessages":[],"meta":{},"tags":[]},{"ancestorTitles":["content boundary"],"fullName":"content boundary limits streaming downloads independent of content-length","status":"passed","title":"limits streaming downloads independent of content-length","duration":13.46366599999999,"failureMessages":[],"meta":{},"tags":[]},{"ancestorTitles":["content boundary"],"fullName":"content boundary validates actual PDF bytes without changing their hash","status":"passed","title":"validates actual PDF bytes without changing their hash","duration":14.025499999999994,"failureMessages":[],"meta":{},"tags":[]},{"ancestorTitles":["content boundary"],"fullName":"content boundary rejects PDF active content through parsed object dictionaries","status":"passed","title":"rejects PDF active content through parsed object dictionaries","duration":2.1248329999999953,"failureMessages":[],"meta":{},"tags":[]}],"startTime":1789596947280,"endTime":1789596947318.1248,"status":"passed","message":"","name":"/Users/nclsppr/Developer/guteneo/tests/unit/content.test.ts"},{"assertionResults":[{"ancestorTitles":["Cursor project-scoped local upload"],"fullName":"Cursor project-scoped local upload uploads the exact original PDF as authenticated multipart and returns only verified metadata","status":"passed","title":"uploads the exact original PDF as authenticated multipart and returns only verified metadata","duration":40.112458000000004,"failureMessages":[],"meta":{},"tags":[]},{"ancestorTitles":["Cursor project-scoped local upload"],"fullName":"Cursor project-scoped local upload pins a configured directory alias to its canonical project before reading","status":"passed","title":"pins a configured directory alias to its canonical project before reading","duration":9.933500000000038,"failureMessages":[],"meta":{},"tags":[]},{"ancestorTitles":["Cursor project-scoped local upload"],"fullName":"Cursor project-scoped local upload rejects replacement of the canonical project with a symlink before upload","status":"passed","title":"rejects replacement of the canonical project with a symlink before upload","duration":6.569792000000007,"failureMessages":[],"meta":{},"tags":[]},{"ancestorTitles":["Cursor project-scoped local upload"],"fullName":"Cursor project-scoped local upload blocks unsafe path \"../outside.pdf\" before any network request","status":"passed","title":"blocks unsafe path \"../outside.pdf\" before any network request","duration":4.234250000000031,"failureMessages":[],"meta":{},"tags":[]},{"ancestorTitles":["Cursor project-scoped local upload"],"fullName":"Cursor project-scoped local upload blocks unsafe path \"documents/../../outside.pdf\" before any network request","status":"passed","title":"blocks unsafe path \"documents/../../outside.pdf\" before any network request","duration":4.995374999999967,"failureMessages":[],"meta":{},"tags":[]},{"ancestorTitles":["Cursor project-scoped local upload"],"fullName":"Cursor project-scoped local upload blocks unsafe path \"/etc/passwd\" before any network request","status":"passed","title":"blocks unsafe path \"/etc/passwd\" before any network request","duration":4.322499999999991,"failureMessages":[],"meta":{},"tags":[]},{"ancestorTitles":["Cursor project-scoped local upload"],"fullName":"Cursor project-scoped local upload blocks unsafe path \"C:\\\\private\\\\secret.pdf\" before any network request","status":"passed","title":"blocks unsafe path \"C:\\\\private\\\\secret.pdf\" before any network request","duration":4.66254200000003,"failureMessages":[],"meta":{},"tags":[]},{"ancestorTitles":["Cursor project-scoped local upload"],"fullName":"Cursor project-scoped local upload blocks unsafe path \"\\\\\\\\server\\\\share.pdf\" before any network request","status":"passed","title":"blocks unsafe path \"\\\\\\\\server\\\\share.pdf\" before any network request","duration":3.3480410000000234,"failureMessages":[],"meta":{},"tags":[]},{"ancestorTitles":["Cursor project-scoped local upload"],"fullName":"Cursor project-scoped local upload blocks unsafe path \"documents/../original.pdf\" before any network request","status":"passed","title":"blocks unsafe path \"documents/../original.pdf\" before any network request","duration":3.725166999999999,"failureMessages":[],"meta":{},"tags":[]},{"ancestorTitles":["Cursor project-scoped local upload"],"fullName":"Cursor project-scoped local upload blocks unsafe path \"documents\\\\original.pdf\" before any network request","status":"passed","title":"blocks unsafe path \"documents\\\\original.pdf\" before any network request","duration":3.237874999999974,"failureMessages":[],"meta":{},"tags":[]},{"ancestorTitles":["Cursor project-scoped local upload"],"fullName":"Cursor project-scoped local upload blocks unsafe path \"documents/original.pdf\\n\" before any network request","status":"passed","title":"blocks unsafe path \"documents/original.pdf\\n\" before any network request","duration":3.9422500000000014,"failureMessages":[],"meta":{},"tags":[]},{"ancestorTitles":["Cursor project-scoped local upload"],"fullName":"Cursor project-scoped local upload blocks unsafe path \"documents//original.pdf\" before any network request","status":"passed","title":"blocks unsafe path \"documents//original.pdf\" before any network request","duration":3.387207999999987,"failureMessages":[],"meta":{},"tags":[]},{"ancestorTitles":["Cursor project-scoped local upload"],"fullName":"Cursor project-scoped local upload blocks a file symlink outside the project","status":"passed","title":"blocks a file symlink outside the project","duration":4.055457999999987,"failureMessages":[],"meta":{},"tags":[]},{"ancestorTitles":["Cursor project-scoped local upload"],"fullName":"Cursor project-scoped local upload blocks a parent directory symlink and even an internal symlink","status":"passed","title":"blocks a parent directory symlink and even an internal symlink","duration":3.875833,"failureMessages":[],"meta":{},"tags":[]},{"ancestorTitles":["Cursor project-scoped local upload"],"fullName":"Cursor project-scoped local upload blocks a hard-linked file outside the project","status":"passed","title":"blocks a hard-linked file outside the project","duration":4.629125000000045,"failureMessages":[],"meta":{},"tags":[]},{"ancestorTitles":["Cursor project-scoped local upload"],"fullName":"Cursor project-scoped local upload rejects a directory, invalid magic and a file larger than 10 MiB","status":"passed","title":"rejects a directory, invalid magic and a file larger than 10 MiB","duration":5.222624999999994,"failureMessages":[],"meta":{},"tags":[]},{"ancestorTitles":["Cursor project-scoped local upload"],"fullName":"Cursor project-scoped local upload rejects unsafe API origin \"http://guteneo.example\"","status":"passed","title":"rejects unsafe API origin \"http://guteneo.example\"","duration":2.4846659999999474,"failureMessages":[],"meta":{},"tags":[]},{"ancestorTitles":["Cursor project-scoped local upload"],"fullName":"Cursor project-scoped local upload rejects unsafe API origin \"https://user:pass@guteneo.example\"","status":"passed","title":"rejects unsafe API origin \"https://user:pass@guteneo.example\"","duration":3.2599159999999756,"failureMessages":[],"meta":{},"tags":[]},{"ancestorTitles":["Cursor project-scoped local upload"],"fullName":"Cursor project-scoped local upload rejects unsafe API origin \"https://guteneo.example/api\"","status":"passed","title":"rejects unsafe API origin \"https://guteneo.example/api\"","duration":3.027166999999963,"failureMessages":[],"meta":{},"tags":[]},{"ancestorTitles":["Cursor project-scoped local upload"],"fullName":"Cursor project-scoped local upload rejects unsafe API origin \"https://guteneo.example?token=hidden\"","status":"passed","title":"rejects unsafe API origin \"https://guteneo.example?token=hidden\"","duration":3.3425829999999905,"failureMessages":[],"meta":{},"tags":[]},{"ancestorTitles":["Cursor project-scoped local upload"],"fullName":"Cursor project-scoped local upload rejects unsafe API origin \"https://guteneo.example#fragment\"","status":"passed","title":"rejects unsafe API origin \"https://guteneo.example#fragment\"","duration":3.1392079999999964,"failureMessages":[],"meta":{},"tags":[]},{"ancestorTitles":["Cursor project-scoped local upload"],"fullName":"Cursor project-scoped local upload rejects unsafe API origin \"file:///tmp/guteneo\"","status":"passed","title":"rejects unsafe API origin \"file:///tmp/guteneo\"","duration":3.2599579999999833,"failureMessages":[],"meta":{},"tags":[]},{"ancestorTitles":["Cursor project-scoped local upload"],"fullName":"Cursor project-scoped local upload allows HTTPS and exact loopback development origins only","status":"passed","title":"allows HTTPS and exact loopback development origins only","duration":3.6729589999999916,"failureMessages":[],"meta":{},"tags":[]},{"ancestorTitles":["Cursor project-scoped local upload"],"fullName":"Cursor project-scoped local upload requires an explicit narrow project root and a nonempty token","status":"passed","title":"requires an explicit narrow project root and a nonempty token","duration":3.9956659999999715,"failureMessages":[],"meta":{},"tags":[]},{"ancestorTitles":["Cursor project-scoped local upload"],"fullName":"Cursor project-scoped local upload rejects a mismatched stored digest or size","status":"passed","title":"rejects a mismatched stored digest or size","duration":5.096000000000004,"failureMessages":[],"meta":{},"tags":[]},{"ancestorTitles":["Cursor project-scoped local upload"],"fullName":"Cursor project-scoped local upload accepts a scanned ready receipt with a positive page count","status":"passed","title":"accepts a scanned ready receipt with a positive page count","duration":3.597915999999998,"failureMessages":[],"meta":{},"tags":[]},{"ancestorTitles":["Cursor project-scoped local upload"],"fullName":"Cursor project-scoped local upload rejects an invalid page count in {\"status\":\"ready\",\"pages\":0}","status":"passed","title":"rejects an invalid page count in {\"status\":\"ready\",\"pages\":0}","duration":3.776625000000024,"failureMessages":[],"meta":{},"tags":[]},{"ancestorTitles":["Cursor project-scoped local upload"],"fullName":"Cursor project-scoped local upload rejects an invalid page count in {\"status\":\"quarantined\",\"pages\":-1}","status":"passed","title":"rejects an invalid page count in {\"status\":\"quarantined\",\"pages\":-1}","duration":3.73845799999998,"failureMessages":[],"meta":{},"tags":[]},{"ancestorTitles":["Cursor project-scoped local upload"],"fullName":"Cursor project-scoped local upload rejects an invalid page count in {\"status\":\"quarantined\",\"pages\":1.5}","status":"passed","title":"rejects an invalid page count in {\"status\":\"quarantined\",\"pages\":1.5}","duration":3.898040999999978,"failureMessages":[],"meta":{},"tags":[]},{"ancestorTitles":["Cursor project-scoped local upload"],"fullName":"Cursor project-scoped local upload does not auto-retry or disclose a token after an uncertain upload response","status":"passed","title":"does not auto-retry or disclose a token after an uncertain upload response","duration":4.393750000000011,"failureMessages":[],"meta":{},"tags":[]},{"ancestorTitles":["Cursor project-scoped local upload"],"fullName":"Cursor project-scoped local upload does not expose an untrusted upstream error body","status":"passed","title":"does not expose an untrusted upstream error body","duration":4.686041000000046,"failureMessages":[],"meta":{},"tags":[]},{"ancestorTitles":["Cursor project-scoped local upload"],"fullName":"Cursor project-scoped local upload limits successful response bodies and rejects malformed receipts","status":"passed","title":"limits successful response bodies and rejects malformed receipts","duration":5.523833000000025,"failureMessages":[],"meta":{},"tags":[]},{"ancestorTitles":["Cursor project-scoped local upload"],"fullName":"Cursor project-scoped local upload serves initialize, tools/list and a rejected tools/call over real stdio without network","status":"passed","title":"serves initialize, tools/list and a rejected tools/call over real stdio without network","duration":267.9156249999999,"failureMessages":[],"meta":{},"tags":[]}],"startTime":1789596946342,"endTime":1789596946780.9155,"status":"passed","message":"","name":"/Users/nclsppr/Developer/guteneo/tests/unit/cursor-upload.test.ts"},{"assertionResults":[{"ancestorTitles":["manual rescan of the exact quarantined original"],"fullName":"manual rescan of the exact quarantined original unlocks only matching clean scan plus isolated validation, preserving ID, bytes and upload budget","status":"passed","title":"unlocks only matching clean scan plus isolated validation, preserving ID, bytes and upload budget","duration":553.946958,"failureMessages":[],"meta":{},"tags":[]},{"ancestorTitles":["manual rescan of the exact quarantined original"],"fullName":"manual rescan of the exact quarantined original rolls back promotion and retry history if the canonical scan proof cannot commit","status":"passed","title":"rolls back promotion and retry history if the canonical scan proof cannot commit","duration":284.29512499999987,"failureMessages":[],"meta":{},"tags":[]},{"ancestorTitles":["manual rescan of the exact quarantined original"],"fullName":"manual rescan of the exact quarantined original requires tenant ownership and write permission before storage/provider access","status":"passed","title":"requires tenant ownership and write permission before storage/provider access","duration":158.70466699999997,"failureMessages":[],"meta":{},"tags":[]},{"ancestorTitles":["manual rescan of the exact quarantined original"],"fullName":"manual rescan of the exact quarantined original keeps ready documents idempotent and refuses purged originals","status":"passed","title":"keeps ready documents idempotent and refuses purged originals","duration":342.5715,"failureMessages":[],"meta":{},"tags":[]},{"ancestorTitles":["manual rescan of the exact quarantined original"],"fullName":"manual rescan of the exact quarantined original refuses missing scanner/validator without spending a retry","status":"passed","title":"refuses missing scanner/validator without spending a retry","duration":161.29595900000004,"failureMessages":[],"meta":{},"tags":[]},{"ancestorTitles":["manual rescan of the exact quarantined original"],"fullName":"manual rescan of the exact quarantined original never passes missing or altered private bytes to the scanner","status":"passed","title":"never passes missing or altered private bytes to the scanner","duration":307.93979100000024,"failureMessages":[],"meta":{},"tags":[]},{"ancestorTitles":["manual rescan of the exact quarantined original"],"fullName":"manual rescan of the exact quarantined original keeps quarantine on scanner infected and never invokes PDF validation","status":"passed","title":"keeps quarantine on scanner infected and never invokes PDF validation","duration":208.21000000000004,"failureMessages":[],"meta":{},"tags":[]},{"ancestorTitles":["manual rescan of the exact quarantined original"],"fullName":"manual rescan of the exact quarantined original keeps quarantine on scanner wrong hash and never invokes PDF validation","status":"passed","title":"keeps quarantine on scanner wrong hash and never invokes PDF validation","duration":216.69733399999996,"failureMessages":[],"meta":{},"tags":[]},{"ancestorTitles":["manual rescan of the exact quarantined original"],"fullName":"manual rescan of the exact quarantined original keeps quarantine on scanner malformed JSON and never invokes PDF validation","status":"passed","title":"keeps quarantine on scanner malformed JSON and never invokes PDF validation","duration":210.8196670000002,"failureMessages":[],"meta":{},"tags":[]},{"ancestorTitles":["manual rescan of the exact quarantined original"],"fullName":"manual rescan of the exact quarantined original keeps quarantine on scanner oversized and never invokes PDF validation","status":"passed","title":"keeps quarantine on scanner oversized and never invokes PDF validation","duration":216.27795800000013,"failureMessages":[],"meta":{},"tags":[]},{"ancestorTitles":["manual rescan of the exact quarantined original"],"fullName":"manual rescan of the exact quarantined original keeps quarantine on scanner unavailable and never invokes PDF validation","status":"passed","title":"keeps quarantine on scanner unavailable and never invokes PDF validation","duration":246.87958300000037,"failureMessages":[],"meta":{},"tags":[]},{"ancestorTitles":["manual rescan of the exact quarantined original"],"fullName":"manual rescan of the exact quarantined original keeps quarantine for invalid validator page count 0","status":"passed","title":"keeps quarantine for invalid validator page count 0","duration":226.68187500000022,"failureMessages":[],"meta":{},"tags":[]},{"ancestorTitles":["manual rescan of the exact quarantined original"],"fullName":"manual rescan of the exact quarantined original keeps quarantine for invalid validator page count -1","status":"passed","title":"keeps quarantine for invalid validator page count -1","duration":224.80345800000032,"failureMessages":[],"meta":{},"tags":[]},{"ancestorTitles":["manual rescan of the exact quarantined original"],"fullName":"manual rescan of the exact quarantined original keeps quarantine for invalid validator page count 1.5","status":"passed","title":"keeps quarantine for invalid validator page count 1.5","duration":226.4088329999995,"failureMessages":[],"meta":{},"tags":[]},{"ancestorTitles":["manual rescan of the exact quarantined original"],"fullName":"manual rescan of the exact quarantined original keeps quarantine for invalid validator page count 99999","status":"passed","title":"keeps quarantine for invalid validator page count 99999","duration":227.1249170000001,"failureMessages":[],"meta":{},"tags":[]},{"ancestorTitles":["manual rescan of the exact quarantined original"],"fullName":"manual rescan of the exact quarantined original does not publish scan proof when the validator returns another PDF hash","status":"passed","title":"does not publish scan proof when the validator returns another PDF hash","duration":246.4384999999993,"failureMessages":[],"meta":{},"tags":[]},{"ancestorTitles":["manual rescan of the exact quarantined original"],"fullName":"manual rescan of the exact quarantined original bounds a fetch that ignores cancellation and never promotes a late clean response","status":"passed","title":"bounds a fetch that ignores cancellation and never promotes a late clean response","duration":264.6180000000004,"failureMessages":[],"meta":{},"tags":[]},{"ancestorTitles":["manual rescan of the exact quarantined original"],"fullName":"manual rescan of the exact quarantined original blocks concurrent rescans of one document and fences a replaced lease","status":"passed","title":"blocks concurrent rescans of one document and fences a replaced lease","duration":359.27791700000034,"failureMessages":[],"meta":{},"tags":[]},{"ancestorTitles":["manual rescan of the exact quarantined original"],"fullName":"manual rescan of the exact quarantined original does not revive a document purged while scanning","status":"passed","title":"does not revive a document purged while scanning","duration":284.4362080000001,"failureMessages":[],"meta":{},"tags":[]},{"ancestorTitles":["manual rescan of the exact quarantined original"],"fullName":"manual rescan of the exact quarantined original rechecks membership after the scanner before promoting a document","status":"passed","title":"rechecks membership after the scanner before promoting a document","duration":306.59349999999995,"failureMessages":[],"meta":{},"tags":[]},{"ancestorTitles":["manual rescan of the exact quarantined original"],"fullName":"manual rescan of the exact quarantined original enforces ten retries per UTC day and keeps upload budgets unchanged","status":"passed","title":"enforces ten retries per UTC day and keeps upload budgets unchanged","duration":550.9387079999997,"failureMessages":[],"meta":{},"tags":[]},{"ancestorTitles":["explicit scanner warmup"],"fullName":"explicit scanner warmup allows only browser administrators, transmits no PDF, and reports readiness conservatively","status":"passed","title":"allows only browser administrators, transmits no PDF, and reports readiness conservatively","duration":95.61062499999935,"failureMessages":[],"meta":{},"tags":[]},{"ancestorTitles":["explicit scanner warmup"],"fullName":"explicit scanner warmup limits manual warmups to three per day without spending rescan allowance","status":"passed","title":"limits manual warmups to three per day without spending rescan allowance","duration":59.13087500000074,"failureMessages":[],"meta":{},"tags":[]}],"startTime":1789596910342,"endTime":1789596916322.1309,"status":"passed","message":"","name":"/Users/nclsppr/Developer/guteneo/tests/unit/document-rescan.test.ts"},{"assertionResults":[{"ancestorTitles":["Live provider bridge — real D1/R2, intercepted external fetch only"],"fullName":"Live provider bridge — real D1/R2, intercepted external fetch only fails the activation gate without external calls: {\"ENVIRONMENT\":\"local\"}","status":"passed","title":"fails the activation gate without external calls: {\"ENVIRONMENT\":\"local\"}","duration":721.6364580000002,"failureMessages":[],"meta":{},"tags":[]},{"ancestorTitles":["Live provider bridge — real D1/R2, intercepted external fetch only"],"fullName":"Live provider bridge — real D1/R2, intercepted external fetch only fails the activation gate without external calls: {\"MODE\":\"simulation\"}","status":"passed","title":"fails the activation gate without external calls: {\"MODE\":\"simulation\"}","duration":665.7411669999997,"failureMessages":[],"meta":{},"tags":[]},{"ancestorTitles":["Live provider bridge — real D1/R2, intercepted external fetch only"],"fullName":"Live provider bridge — real D1/R2, intercepted external fetch only fails the activation gate without external calls: {\"LIVE_SENDS_ENABLED\":\"false\"}","status":"passed","title":"fails the activation gate without external calls: {\"LIVE_SENDS_ENABLED\":\"false\"}","duration":664.4037079999998,"failureMessages":[],"meta":{},"tags":[]},{"ancestorTitles":["Live provider bridge — real D1/R2, intercepted external fetch only"],"fullName":"Live provider bridge — real D1/R2, intercepted external fetch only fails the activation gate without external calls: {}","status":"passed","title":"fails the activation gate without external calls: {}","duration":666.0359170000002,"failureMessages":[],"meta":{},"tags":[]},{"ancestorTitles":["Live provider bridge — real D1/R2, intercepted external fetch only"],"fullName":"Live provider bridge — real D1/R2, intercepted external fetch only cannot send a queued row directly without the durable active approved attempt","status":"passed","title":"cannot send a queued row directly without the durable active approved attempt","duration":667.4910829999999,"failureMessages":[],"meta":{},"tags":[]},{"ancestorTitles":["Live provider bridge — real D1/R2, intercepted external fetch only"],"fullName":"Live provider bridge — real D1/R2, intercepted external fetch only submits Telnyx with the frozen sender and creates a hashed, scoped, expiring media capability","status":"passed","title":"submits Telnyx with the frozen sender and creates a hashed, scoped, expiring media capability","duration":1112.4455420000004,"failureMessages":[],"meta":{},"tags":[]},{"ancestorTitles":["Live provider bridge — real D1/R2, intercepted external fetch only"],"fullName":"Live provider bridge — real D1/R2, intercepted external fetch only rejects a quote that expires while creating the media grant, before the supplier call","status":"passed","title":"rejects a quote that expires while creating the media grant, before the supplier call","duration":968.1986670000006,"failureMessages":[],"meta":{},"tags":[]},{"ancestorTitles":["Live provider bridge — real D1/R2, intercepted external fetch only"],"fullName":"Live provider bridge — real D1/R2, intercepted external fetch only blocks missing scan evidence and changed R2 content before provider submission","status":"passed","title":"blocks missing scan evidence and changed R2 content before provider submission","duration":1425.2774170000002,"failureMessages":[],"meta":{},"tags":[]},{"ancestorTitles":["Live provider bridge — real D1/R2, intercepted external fetch only"],"fullName":"Live provider bridge — real D1/R2, intercepted external fetch only rejects a sender/config mismatch and a forged approval fingerprint without network","status":"passed","title":"rejects a sender/config mismatch and a forged approval fingerprint without network","duration":1335.4927909999988,"failureMessages":[],"meta":{},"tags":[]},{"ancestorTitles":["Live provider bridge — real D1/R2, intercepted external fetch only"],"fullName":"Live provider bridge — real D1/R2, intercepted external fetch only allows only one invocation under concurrent bridge calls and retains unknown outcomes","status":"passed","title":"allows only one invocation under concurrent bridge calls and retains unknown outcomes","duration":948.2875839999997,"failureMessages":[],"meta":{},"tags":[]},{"ancestorTitles":["Live provider bridge — real D1/R2, intercepted external fetch only"],"fullName":"Live provider bridge — real D1/R2, intercepted external fetch only sends SES one frozen recipient and unmodified HTML, text and optional PDF attachment","status":"passed","title":"sends SES one frozen recipient and unmodified HTML, text and optional PDF attachment","duration":822.902709,"failureMessages":[],"meta":{},"tags":[]},{"ancestorTitles":["Live provider bridge — real D1/R2, intercepted external fetch only"],"fullName":"Live provider bridge — real D1/R2, intercepted external fetch only persists a Pingen non-sending draft and only submits a matching frozen, tenant-bound draft","status":"passed","title":"persists a Pingen non-sending draft and only submits a matching frozen, tenant-bound draft","duration":1374.3602499999997,"failureMessages":[],"meta":{},"tags":[]},{"ancestorTitles":["Live provider bridge — real D1/R2, intercepted external fetch only"],"fullName":"Live provider bridge — real D1/R2, intercepted external fetch only does not trust a supplied provider letter ID, changed recipient or missing persisted draft","status":"passed","title":"does not trust a supplied provider letter ID, changed recipient or missing persisted draft","duration":2355.561417000001,"failureMessages":[],"meta":{},"tags":[]},{"ancestorTitles":["Live provider bridge — real D1/R2, intercepted external fetch only"],"fullName":"Live provider bridge — real D1/R2, intercepted external fetch only requires a human document-transfer request and never retries an uncertain draft automatically","status":"passed","title":"requires a human document-transfer request and never retries an uncertain draft automatically","duration":649.8877499999999,"failureMessages":[],"meta":{},"tags":[]},{"ancestorTitles":["Live provider bridge — real D1/R2, intercepted external fetch only"],"fullName":"Live provider bridge — real D1/R2, intercepted external fetch only keeps the production tariff gate closed even when all provider environment values are present","status":"passed","title":"keeps the production tariff gate closed even when all provider environment values are present","duration":501.9506250000013,"failureMessages":[],"meta":{},"tags":[]}],"startTime":1789596854225,"endTime":1789596869105.9507,"status":"passed","message":"","name":"/Users/nclsppr/Developer/guteneo/tests/unit/live-providers.test.ts"},{"assertionResults":[{"ancestorTitles":["distributable LLM integrations"],"fullName":"distributable LLM integrations validates official portable schemas and produces identical archives without secrets","status":"passed","title":"validates official portable schemas and produces identical archives without secrets","duration":163.42920800000002,"failureMessages":[],"meta":{},"tags":[]},{"ancestorTitles":["distributable LLM integrations"],"fullName":"distributable LLM integrations advertises a scoped exact-file fax workflow with no model approval input","status":"passed","title":"advertises a scoped exact-file fax workflow with no model approval input","duration":25.630249999999933,"failureMessages":[],"meta":{},"tags":[]},{"ancestorTitles":["distributable LLM integrations"],"fullName":"distributable LLM integrations returns an OAuth challenge for missing scope without reading another document","status":"passed","title":"returns an OAuth challenge for missing scope without reading another document","duration":5.642082999999957,"failureMessages":[],"meta":{},"tags":[]},{"ancestorTitles":["distributable LLM integrations"],"fullName":"distributable LLM integrations retrieves a browser-uploaded PDF by metadata while refusing another tenant","status":"passed","title":"retrieves a browser-uploaded PDF by metadata while refusing another tenant","duration":71.22470799999996,"failureMessages":[],"meta":{},"tags":[]},{"ancestorTitles":["distributable LLM integrations"],"fullName":"distributable LLM integrations requires documents:write for a rescan even after a client reconnects without that grant","status":"passed","title":"requires documents:write for a rescan even after a client reconnects without that grant","duration":5.924125000000004,"failureMessages":[],"meta":{},"tags":[]},{"ancestorTitles":["distributable LLM integrations"],"fullName":"distributable LLM integrations exposes a bounded write tool and returns the same private document after an explicitly granted rescan","status":"passed","title":"exposes a bounded write tool and returns the same private document after an explicitly granted rescan","duration":63.1120420000002,"failureMessages":[],"meta":{},"tags":[]},{"ancestorTitles":["distributable LLM integrations"],"fullName":"distributable LLM integrations prepares an exact PDF fax, rejects chat approval and reserves once after browser approval","status":"passed","title":"prepares an exact PDF fax, rejects chat approval and reserves once after browser approval","duration":499.280209,"failureMessages":[],"meta":{},"tags":[]},{"ancestorTitles":["distributable LLM integrations"],"fullName":"distributable LLM integrations rejects ambiguous destination or invalid monetary ceiling: {\"phone\":\"01 23 45 67 89\",\"ceilingMinor\":500}","status":"passed","title":"rejects ambiguous destination or invalid monetary ceiling: {\"phone\":\"01 23 45 67 89\",\"ceilingMinor\":500}","duration":3.004750000000058,"failureMessages":[],"meta":{},"tags":[]},{"ancestorTitles":["distributable LLM integrations"],"fullName":"distributable LLM integrations rejects ambiguous destination or invalid monetary ceiling: {\"phone\":\"+33123456789\",\"ceilingMinor\":1.2}","status":"passed","title":"rejects ambiguous destination or invalid monetary ceiling: {\"phone\":\"+33123456789\",\"ceilingMinor\":1.2}","duration":2.348167000000103,"failureMessages":[],"meta":{},"tags":[]},{"ancestorTitles":["distributable LLM integrations"],"fullName":"distributable LLM integrations rejects ambiguous destination or invalid monetary ceiling: {\"phone\":\"+33123456789\",\"ceilingMinor\":-1}","status":"passed","title":"rejects ambiguous destination or invalid monetary ceiling: {\"phone\":\"+33123456789\",\"ceilingMinor\":-1}","duration":2.4570410000001175,"failureMessages":[],"meta":{},"tags":[]}],"startTime":1789596943940,"endTime":1789596944782.457,"status":"passed","message":"","name":"/Users/nclsppr/Developer/guteneo/tests/unit/mcp-integrations.test.ts"},{"assertionResults":[{"ancestorTitles":["public preview boundary"],"fullName":"public preview boundary rejects backend endpoint /api before accessing assets","status":"passed","title":"rejects backend endpoint /api before accessing assets","duration":20.789625,"failureMessages":[],"meta":{},"tags":[]},{"ancestorTitles":["public preview boundary"],"fullName":"public preview boundary rejects backend endpoint /api/session before accessing assets","status":"passed","title":"rejects backend endpoint /api/session before accessing assets","duration":0.4759999999999991,"failureMessages":[],"meta":{},"tags":[]},{"ancestorTitles":["public preview boundary"],"fullName":"public preview boundary rejects backend endpoint /api/documents/import before accessing assets","status":"passed","title":"rejects backend endpoint /api/documents/import before accessing assets","duration":0.7048340000000053,"failureMessages":[],"meta":{},"tags":[]},{"ancestorTitles":["public preview boundary"],"fullName":"public preview boundary rejects backend endpoint /auth/login before accessing assets","status":"passed","title":"rejects backend endpoint /auth/login before accessing assets","duration":0.30758400000000563,"failureMessages":[],"meta":{},"tags":[]},{"ancestorTitles":["public preview boundary"],"fullName":"public preview boundary rejects backend endpoint /oauth/authorize before accessing assets","status":"passed","title":"rejects backend endpoint /oauth/authorize before accessing assets","duration":0.4921669999999949,"failureMessages":[],"meta":{},"tags":[]},{"ancestorTitles":["public preview boundary"],"fullName":"public preview boundary rejects backend endpoint /mcp before accessing assets","status":"passed","title":"rejects backend endpoint /mcp before accessing assets","duration":0.291916999999998,"failureMessages":[],"meta":{},"tags":[]},{"ancestorTitles":["public preview boundary"],"fullName":"public preview boundary rejects backend endpoint /mcp/tools before accessing assets","status":"passed","title":"rejects backend endpoint /mcp/tools before accessing assets","duration":0.3837079999999986,"failureMessages":[],"meta":{},"tags":[]},{"ancestorTitles":["public preview boundary"],"fullName":"public preview boundary rejects backend endpoint /webhooks/provider before accessing assets","status":"passed","title":"rejects backend endpoint /webhooks/provider before accessing assets","duration":0.2616660000000053,"failureMessages":[],"meta":{},"tags":[]},{"ancestorTitles":["public preview boundary"],"fullName":"public preview boundary rejects backend endpoint /media/document.pdf before accessing assets","status":"passed","title":"rejects backend endpoint /media/document.pdf before accessing assets","duration":0.2635000000000076,"failureMessages":[],"meta":{},"tags":[]},{"ancestorTitles":["public preview boundary"],"fullName":"public preview boundary rejects backend endpoint /.well-known/oauth-authorization-server before accessing assets","status":"passed","title":"rejects backend endpoint /.well-known/oauth-authorization-server before accessing assets","duration":0.3152499999999918,"failureMessages":[],"meta":{},"tags":[]},{"ancestorTitles":["public preview boundary"],"fullName":"public preview boundary rejects backend endpoint /api%2Fdocuments before accessing assets","status":"passed","title":"rejects backend endpoint /api%2Fdocuments before accessing assets","duration":0.4420829999999967,"failureMessages":[],"meta":{},"tags":[]},{"ancestorTitles":["public preview boundary"],"fullName":"public preview boundary rejects POST requests even outside API paths","status":"passed","title":"rejects POST requests even outside API paths","duration":0.24216699999999491,"failureMessages":[],"meta":{},"tags":[]},{"ancestorTitles":["public preview boundary"],"fullName":"public preview boundary rejects PUT requests even outside API paths","status":"passed","title":"rejects PUT requests even outside API paths","duration":0.20270800000000122,"failureMessages":[],"meta":{},"tags":[]},{"ancestorTitles":["public preview boundary"],"fullName":"public preview boundary rejects PATCH requests even outside API paths","status":"passed","title":"rejects PATCH requests even outside API paths","duration":0.2896250000000009,"failureMessages":[],"meta":{},"tags":[]},{"ancestorTitles":["public preview boundary"],"fullName":"public preview boundary rejects DELETE requests even outside API paths","status":"passed","title":"rejects DELETE requests even outside API paths","duration":0.16487500000002342,"failureMessages":[],"meta":{},"tags":[]},{"ancestorTitles":["public preview boundary"],"fullName":"public preview boundary rejects OPTIONS requests even outside API paths","status":"passed","title":"rejects OPTIONS requests even outside API paths","duration":0.11674999999999613,"failureMessages":[],"meta":{},"tags":[]},{"ancestorTitles":["public preview boundary"],"fullName":"public preview boundary serves navigation with preview privacy headers","status":"passed","title":"serves navigation with preview privacy headers","duration":0.8695000000000164,"failureMessages":[],"meta":{},"tags":[]},{"ancestorTitles":["public preview boundary"],"fullName":"public preview boundary serves uncached build evidence from /health","status":"passed","title":"serves uncached build evidence from /health","duration":0.31862499999999727,"failureMessages":[],"meta":{},"tags":[]},{"ancestorTitles":["public preview boundary"],"fullName":"public preview boundary serves uncached build evidence from /health.json","status":"passed","title":"serves uncached build evidence from /health.json","duration":0.1645419999999831,"failureMessages":[],"meta":{},"tags":[]},{"ancestorTitles":["public preview boundary"],"fullName":"public preview boundary serves uncached build evidence from /release.json","status":"passed","title":"serves uncached build evidence from /release.json","duration":0.1373749999999916,"failureMessages":[],"meta":{},"tags":[]}],"startTime":1789596947982,"endTime":1789596948010.1375,"status":"passed","message":"","name":"/Users/nclsppr/Developer/guteneo/tests/unit/preview-worker.test.ts"},{"assertionResults":[{"ancestorTitles":["signed SNS callbacks during identity setup"],"fullName":"signed SNS callbacks during identity setup stores signed confirmation once without exposing or following its URL","status":"passed","title":"stores signed confirmation once without exposing or following its URL","duration":123.5400830000001,"failureMessages":[],"meta":{},"tags":[]},{"ancestorTitles":["signed SNS callbacks during identity setup"],"fullName":"signed SNS callbacks during identity setup rejects unsigned, wrong-topic, version-one and oversized callbacks before storage","status":"passed","title":"rejects unsigned, wrong-topic, version-one and oversized callbacks before storage","duration":30.641124999999988,"failureMessages":[],"meta":{},"tags":[]},{"ancestorTitles":["signed SNS callbacks during identity setup"],"fullName":"signed SNS callbacks during identity setup logs only fixed diagnostics for malformed private input and certificates","status":"passed","title":"logs only fixed diagnostics for malformed private input and certificates","duration":30.982624999999985,"failureMessages":[],"meta":{},"tags":[]},{"ancestorTitles":["signed SNS callbacks during identity setup"],"fullName":"signed SNS callbacks during identity setup reports a signed callback storage failure without logging private exception details","status":"passed","title":"reports a signed callback storage failure without logging private exception details","duration":15.235624999999914,"failureMessages":[],"meta":{},"tags":[]},{"ancestorTitles":["signed SNS callbacks during identity setup"],"fullName":"signed SNS callbacks during identity setup recovers a verified rendering failure by cron without identity or outbox publication","status":"passed","title":"recovers a verified rendering failure by cron without identity or outbox publication","duration":104.91362500000002,"failureMessages":[],"meta":{},"tags":[]},{"ancestorTitles":["webhook HTTP boundary with actual local D1"],"fullName":"webhook HTTP boundary with actual local D1 persists a verified receipt before ingestion/ACK and deduplicates repeated callbacks","status":"passed","title":"persists a verified receipt before ingestion/ACK and deduplicates repeated callbacks","duration":125.52262500000006,"failureMessages":[],"meta":{},"tags":[]},{"ancestorTitles":["webhook HTTP boundary with actual local D1"],"fullName":"webhook HTTP boundary with actual local D1 recovers projection failure from its durable receipt without another provider callback","status":"passed","title":"recovers projection failure from its durable receipt without another provider callback","duration":84.07779099999993,"failureMessages":[],"meta":{},"tags":[]},{"ancestorTitles":["webhook HTTP boundary with actual local D1"],"fullName":"webhook HTTP boundary with actual local D1 refuses ACK when durable storage fails","status":"passed","title":"refuses ACK when durable storage fails","duration":11.694666999999981,"failureMessages":[],"meta":{},"tags":[]},{"ancestorTitles":["webhook HTTP boundary with actual local D1"],"fullName":"webhook HTTP boundary with actual local D1 rejects signature tampering before any receipt and preserves unknown event metadata","status":"passed","title":"rejects signature tampering before any receipt and preserves unknown event metadata","duration":68.37758400000007,"failureMessages":[],"meta":{},"tags":[]}],"startTime":1789596945490,"endTime":1789596946085.3777,"status":"passed","message":"","name":"/Users/nclsppr/Developer/guteneo/tests/unit/providers-webhooks.test.ts"},{"assertionResults":[{"ancestorTitles":["real provider request contracts (no real calls)"],"fullName":"real provider request contracts (no real calls) Telnyx sends a single request, preserves client correlation and only reports acceptance","status":"passed","title":"Telnyx sends a single request, preserves client correlation and only reports acceptance","duration":3.5723330000000146,"failureMessages":[],"meta":{},"tags":[]},{"ancestorTitles":["real provider request contracts (no real calls)"],"fullName":"real provider request contracts (no real calls) never retries ambiguous Telnyx submission","status":"passed","title":"never retries ambiguous Telnyx submission","duration":0.353999999999985,"failureMessages":[],"meta":{},"tags":[]},{"ancestorTitles":["real provider request contracts (no real calls)"],"fullName":"real provider request contracts (no real calls) never retries ambiguous Telnyx submission","status":"passed","title":"never retries ambiguous Telnyx submission","duration":0.19487499999999613,"failureMessages":[],"meta":{},"tags":[]},{"ancestorTitles":["real provider request contracts (no real calls)"],"fullName":"real provider request contracts (no real calls) never retries ambiguous Telnyx submission","status":"passed","title":"never retries ambiguous Telnyx submission","duration":0.427250000000015,"failureMessages":[],"meta":{},"tags":[]},{"ancestorTitles":["real provider request contracts (no real calls)"],"fullName":"real provider request contracts (no real calls) blocks unexpected signed media hosts and short expiry without network access","status":"passed","title":"blocks unexpected signed media hosts and short expiry without network access","duration":0.4044580000000053,"failureMessages":[],"meta":{},"tags":[]},{"ancestorTitles":["real provider request contracts (no real calls)"],"fullName":"real provider request contracts (no real calls) reports cancellation as requested after Telnyx 202, never confirmed","status":"passed","title":"reports cancellation as requested after Telnyx 202, never confirmed","duration":0.43462500000001114,"failureMessages":[],"meta":{},"tags":[]},{"ancestorTitles":["real provider request contracts (no real calls)"],"fullName":"real provider request contracts (no real calls) SES signs real JSON wire content with SigV4 and isolates one recipient","status":"passed","title":"SES signs real JSON wire content with SigV4 and isolates one recipient","duration":5.307209,"failureMessages":[],"meta":{},"tags":[]},{"ancestorTitles":["real provider request contracts (no real calls)"],"fullName":"real provider request contracts (no real calls) SES rejects header injection, unverified sender and marketing without approved unsubscribe","status":"passed","title":"SES rejects header injection, unverified sender and marketing without approved unsubscribe","duration":0.4382500000000107,"failureMessages":[],"meta":{},"tags":[]},{"ancestorTitles":["real provider request contracts (no real calls)"],"fullName":"real provider request contracts (no real calls) SES holds an unknown outcome without SDK retry","status":"passed","title":"SES holds an unknown outcome without SDK retry","duration":2.939707999999996,"failureMessages":[],"meta":{},"tags":[]},{"ancestorTitles":["real provider request contracts (no real calls)"],"fullName":"real provider request contracts (no real calls) Pingen uploads untouched bytes without bearer leakage and creates an auto_send=false draft","status":"passed","title":"Pingen uploads untouched bytes without bearer leakage and creates an auto_send=false draft","duration":2.399166999999977,"failureMessages":[],"meta":{},"tags":[]},{"ancestorTitles":["real provider request contracts (no real calls)"],"fullName":"real provider request contracts (no real calls) Pingen will not upload to arbitrary URLs returned in a malicious response","status":"passed","title":"Pingen will not upload to arbitrary URLs returned in a malicious response","duration":1.4562080000000037,"failureMessages":[],"meta":{},"tags":[]},{"ancestorTitles":["real provider request contracts (no real calls)"],"fullName":"real provider request contracts (no real calls) Pingen enforces reviewed address and cost before send","status":"passed","title":"Pingen enforces reviewed address and cost before send","duration":1.6290830000000085,"failureMessages":[],"meta":{},"tags":[]},{"ancestorTitles":["real provider request contracts (no real calls)"],"fullName":"real provider request contracts (no real calls) Pingen uses documented idempotency for send and retains provider ID on response loss","status":"passed","title":"Pingen uses documented idempotency for send and retains provider ID on response loss","duration":0.8035419999999931,"failureMessages":[],"meta":{},"tags":[]},{"ancestorTitles":["real provider request contracts (no real calls)"],"fullName":"real provider request contracts (no real calls) distinguishes a failed postal preflight from a potentially submitted letter","status":"passed","title":"distinguishes a failed postal preflight from a potentially submitted letter","duration":0.23441599999998175,"failureMessages":[],"meta":{},"tags":[]},{"ancestorTitles":["real provider request contracts (no real calls)"],"fullName":"real provider request contracts (no real calls) parses provider decimal money with exact digits and refuses unsupported precision","status":"passed","title":"parses provider decimal money with exact digits and refuses unsupported precision","duration":0.15679199999999582,"failureMessages":[],"meta":{},"tags":[]},{"ancestorTitles":["cryptographically verified callbacks"],"fullName":"cryptographically verified callbacks verifies Ed25519 over raw Telnyx bytes, refuses tamper/replay/account mismatch","status":"passed","title":"verifies Ed25519 over raw Telnyx bytes, refuses tamper/replay/account mismatch","duration":4.071791999999988,"failureMessages":[],"meta":{},"tags":[]},{"ancestorTitles":["cryptographically verified callbacks"],"fullName":"cryptographically verified callbacks Pingen authenticates HMAC and distinguishes handover from delivery","status":"passed","title":"Pingen authenticates HMAC and distinguishes handover from delivery","duration":1.0400830000000099,"failureMessages":[],"meta":{},"tags":[]},{"ancestorTitles":["cryptographically verified callbacks"],"fullName":"cryptographically verified callbacks verifies SNS RSA-SHA256 and late complaint facts with a local certificate fixture","status":"passed","title":"verifies SNS RSA-SHA256 and late complaint facts with a local certificate fixture","duration":3.972082999999998,"failureMessages":[],"meta":{},"tags":[]},{"ancestorTitles":["cryptographically verified callbacks"],"fullName":"cryptographically verified callbacks rejects SNS certificate SSRF, wrong topic, old signature before any fetch","status":"passed","title":"rejects SNS certificate SSRF, wrong topic, old signature before any fetch","duration":0.553416999999996,"failureMessages":[],"meta":{},"tags":[]},{"ancestorTitles":["cryptographically verified callbacks"],"fullName":"cryptographically verified callbacks canonicalizes SNS confirmation but never follows its SubscribeURL","status":"passed","title":"canonicalizes SNS confirmation but never follows its SubscribeURL","duration":0.1523339999999962,"failureMessages":[],"meta":{},"tags":[]}],"startTime":1789596947480,"endTime":1789596947510.5535,"status":"passed","message":"","name":"/Users/nclsppr/Developer/guteneo/tests/unit/providers.test.ts"},{"assertionResults":[{"ancestorTitles":["public browser design preview"],"fullName":"public browser design preview starts with a fictional session, real fixture PDF bytes, and matching metadata","status":"passed","title":"starts with a fictional session, real fixture PDF bytes, and matching metadata","duration":34.98279199999999,"failureMessages":[],"meta":{},"tags":[]},{"ancestorTitles":["public browser design preview"],"fullName":"public browser design preview requires matching, unexpired approval and only records a fictional outcome","status":"passed","title":"requires matching, unexpired approval and only records a fictional outcome","duration":6.368291999999997,"failureMessages":[],"meta":{},"tags":[]},{"ancestorTitles":["public browser design preview"],"fullName":"public browser design preview rejects expired approvals and keeps uncertain examples from retrying","status":"passed","title":"rejects expired approvals and keeps uncertain examples from retrying","duration":5.028458999999998,"failureMessages":[],"meta":{},"tags":[]},{"ancestorTitles":["public browser design preview"],"fullName":"public browser design preview keeps organizations and browser instances separate and clears state on logout","status":"passed","title":"keeps organizations and browser instances separate and clears state on logout","duration":11.359000000000009,"failureMessages":[],"meta":{},"tags":[]},{"ancestorTitles":["public browser design preview"],"fullName":"public browser design preview supports CSV feedback and campaign preparation without bypassing review","status":"passed","title":"supports CSV feedback and campaign preparation without bypassing review","duration":4.671375000000012,"failureMessages":[],"meta":{},"tags":[]},{"ancestorTitles":["public browser design preview"],"fullName":"public browser design preview rejects document upload, HTML rendering, unknown actions and aborted reads","status":"passed","title":"rejects document upload, HTML rendering, unknown actions and aborted reads","duration":20.740207999999996,"failureMessages":[],"meta":{},"tags":[]},{"ancestorTitles":["public browser design preview"],"fullName":"public browser design preview routes the public build API and PDF helper locally without fetch","status":"passed","title":"routes the public build API and PDF helper locally without fetch","duration":15.313000000000017,"failureMessages":[],"meta":{},"tags":[]},{"ancestorTitles":["normal application transport"],"fullName":"normal application transport keeps authenticated API and document requests when the preview flag is absent","status":"passed","title":"keeps authenticated API and document requests when the preview flag is absent","duration":2.568292000000042,"failureMessages":[],"meta":{},"tags":[]}],"startTime":1789596946965,"endTime":1789596947066.5684,"status":"passed","message":"","name":"/Users/nclsppr/Developer/guteneo/tests/unit/public-preview.test.ts"}]}