{"numTotalTestSuites":66,"numPassedTestSuites":66,"numFailedTestSuites":0,"numPendingTestSuites":0,"numTotalTests":447,"numPassedTests":447,"numFailedTests":0,"numPendingTests":0,"numTodoTests":0,"snapshot":{"added":0,"failure":false,"filesAdded":0,"filesRemoved":0,"filesRemovedList":[],"filesUnmatched":0,"filesUpdated":0,"matched":0,"total":0,"unchecked":0,"uncheckedKeysByFile":[],"unmatched":0,"updated":0,"didUpdate":false},"startTime":1789606401414,"success":true,"testResults":[{"assertionResults":[{"ancestorTitles":["Document lifecycle — actual Miniflare D1 and R2"],"fullName":"Document lifecycle — actual Miniflare D1 and R2 upgrades retained documents without changing existing approvals, reservations or references","status":"passed","title":"upgrades retained documents without changing existing approvals, reservations or references","duration":924.3171670000002,"failureMessages":[],"meta":{},"tags":[]},{"ancestorTitles":["Document lifecycle — actual Miniflare D1 and R2"],"fullName":"Document lifecycle — actual Miniflare D1 and R2 preserves every original byte, deduplicates only within an organization, and isolates preview access","status":"passed","title":"preserves every original byte, deduplicates only within an organization, and isolates preview access","duration":585.042958,"failureMessages":[],"meta":{},"tags":[]},{"ancestorTitles":["Document lifecycle — actual Miniflare D1 and R2"],"fullName":"Document lifecycle — actual Miniflare D1 and R2 rejects a viewer before R2 storage, accounting, scanning, rendering or URL access","status":"passed","title":"rejects a viewer before R2 storage, accounting, scanning, rendering or URL access","duration":279.3599170000002,"failureMessages":[],"meta":{},"tags":[]},{"ancestorTitles":["Document lifecycle — actual Miniflare D1 and R2"],"fullName":"Document lifecycle — actual Miniflare D1 and R2 atomically caps concurrent uploads before writing the losing file","status":"passed","title":"atomically caps concurrent uploads before writing the losing file","duration":356.26512500000035,"failureMessages":[],"meta":{},"tags":[]},{"ancestorTitles":["Document lifecycle — actual Miniflare D1 and R2"],"fullName":"Document lifecycle — actual Miniflare D1 and R2 bounds concurrent rendering before invoking the external engine","status":"passed","title":"bounds concurrent rendering before invoking the external engine","duration":370.1379579999998,"failureMessages":[],"meta":{},"tags":[]},{"ancestorTitles":["Document lifecycle — actual Miniflare D1 and R2"],"fullName":"Document lifecycle — actual Miniflare D1 and R2 quarantines unparsed remote bytes with unknown page count when the scanner is absent","status":"passed","title":"quarantines unparsed remote bytes with unknown page count when the scanner is absent","duration":345.005541,"failureMessages":[],"meta":{},"tags":[]},{"ancestorTitles":["Document lifecycle — actual Miniflare D1 and R2"],"fullName":"Document lifecycle — actual Miniflare D1 and R2 promotes a quarantined immutable version only after matching clean scan and isolated validation","status":"passed","title":"promotes a quarantined immutable version only after matching clean scan and isolated validation","duration":611.4736249999996,"failureMessages":[],"meta":{},"tags":[]},{"ancestorTitles":["Document lifecycle — actual Miniflare D1 and R2"],"fullName":"Document lifecycle — actual Miniflare D1 and R2 preserves expired content referenced by a prepared or uncertain dispatch","status":"passed","title":"preserves expired content referenced by a prepared or uncertain dispatch","duration":1257.8697499999998,"failureMessages":[],"meta":{},"tags":[]},{"ancestorTitles":["Document lifecycle — actual Miniflare D1 and R2"],"fullName":"Document lifecycle — actual Miniflare D1 and R2 purges expired terminal content once without changing dispatches or duplicating audit","status":"passed","title":"purges expired terminal content once without changing dispatches or duplicating audit","duration":1417.486417,"failureMessages":[],"meta":{},"tags":[]},{"ancestorTitles":["Document lifecycle — actual Miniflare D1 and R2"],"fullName":"Document lifecycle — actual Miniflare D1 and R2 resumes a purge interrupted after the DB tombstone and before R2 deletion","status":"passed","title":"resumes a purge interrupted after the DB tombstone and before R2 deletion","duration":620.1256250000006,"failureMessages":[],"meta":{},"tags":[]},{"ancestorTitles":["Document lifecycle — actual Miniflare D1 and R2"],"fullName":"Document lifecycle — actual Miniflare D1 and R2 reimports purged bytes as a new deduplicated version without reviving an approved reference","status":"passed","title":"reimports purged bytes as a new deduplicated version without reviving an approved reference","duration":1777.4291670000002,"failureMessages":[],"meta":{},"tags":[]},{"ancestorTitles":["Document lifecycle — actual Miniflare D1 and R2"],"fullName":"Document lifecycle — actual Miniflare D1 and R2 resuming an interrupted old purge cannot delete newly imported bytes","status":"passed","title":"resuming an interrupted old purge cannot delete newly imported bytes","duration":599.5643749999999,"failureMessages":[],"meta":{},"tags":[]},{"ancestorTitles":["Document lifecycle — actual Miniflare D1 and R2"],"fullName":"Document lifecycle — actual Miniflare D1 and R2 leaves bytes intact when registration commits but its result is uncertain","status":"passed","title":"leaves bytes intact when registration commits but its result is uncertain","duration":360.71600000000035,"failureMessages":[],"meta":{},"tags":[]},{"ancestorTitles":["Document lifecycle — actual Miniflare D1 and R2"],"fullName":"Document lifecycle — actual Miniflare D1 and R2 a failed duplicate cleanup preserves the retained version and remains recoverable","status":"passed","title":"a failed duplicate cleanup preserves the retained version and remains recoverable","duration":573.3116669999999,"failureMessages":[],"meta":{},"tags":[]},{"ancestorTitles":["Document lifecycle — actual Miniflare D1 and R2"],"fullName":"Document lifecycle — actual Miniflare D1 and R2 advances bounded retention beyond the first 25 expired documents","status":"passed","title":"advances bounded retention beyond the first 25 expired documents","duration":3926.7120829999985,"failureMessages":[],"meta":{},"tags":[]}],"startTime":1789606496095,"endTime":1789606510100.7122,"status":"passed","message":"","name":"/Users/nclsppr/Developer/guteneo/tests/integration/documents.test.ts"},{"assertionResults":[{"ancestorTitles":["D1 domain invariants — actual local Workers SQLite"],"fullName":"D1 domain invariants — actual local Workers SQLite isolates documents, dispatch detail, lists and campaigns between organizations","status":"passed","title":"isolates documents, dispatch detail, lists and campaigns between organizations","duration":557.810125,"failureMessages":[],"meta":{},"tags":[]},{"ancestorTitles":["D1 domain invariants — actual local Workers SQLite"],"fullName":"D1 domain invariants — actual local Workers SQLite replays preparation exactly and rejects same key with a changed recipient","status":"passed","title":"replays preparation exactly and rejects same key with a changed recipient","duration":533.5992080000001,"failureMessages":[],"meta":{},"tags":[]},{"ancestorTitles":["D1 domain invariants — actual local Workers SQLite"],"fullName":"D1 domain invariants — actual local Workers SQLite does not let MCP self-approve or assert approval through confirm","status":"passed","title":"does not let MCP self-approve or assert approval through confirm","duration":422.55650000000014,"failureMessages":[],"meta":{},"tags":[]},{"ancestorTitles":["D1 domain invariants — actual local Workers SQLite"],"fullName":"D1 domain invariants — actual local Workers SQLite atomically confirms twice with a single reservation and durable outbox record","status":"passed","title":"atomically confirms twice with a single reservation and durable outbox record","duration":972.765292,"failureMessages":[],"meta":{},"tags":[]},{"ancestorTitles":["D1 domain invariants — actual local Workers SQLite"],"fullName":"D1 domain invariants — actual local Workers SQLite enforces quotas under concurrent confirmation and rolls back losing acceptance","status":"passed","title":"enforces quotas under concurrent confirmation and rolls back losing acceptance","duration":744.0189169999994,"failureMessages":[],"meta":{},"tags":[]},{"ancestorTitles":["D1 domain invariants — actual local Workers SQLite"],"fullName":"D1 domain invariants — actual local Workers SQLite repairs commit-before-publication and tolerates duplicated queue delivery","status":"passed","title":"repairs commit-before-publication and tolerates duplicated queue delivery","duration":952.6461669999999,"failureMessages":[],"meta":{},"tags":[]},{"ancestorTitles":["D1 domain invariants — actual local Workers SQLite"],"fullName":"D1 domain invariants — actual local Workers SQLite retains quota and prohibits blind retries after a lost provider response","status":"passed","title":"retains quota and prohibits blind retries after a lost provider response","duration":772.9599589999998,"failureMessages":[],"meta":{},"tags":[]},{"ancestorTitles":["D1 domain invariants — actual local Workers SQLite"],"fullName":"D1 domain invariants — actual local Workers SQLite stores orphan callbacks, reconciles early arrivals, deduplicates, and never regresses","status":"passed","title":"stores orphan callbacks, reconciles early arrivals, deduplicates, and never regresses","duration":1219.069708,"failureMessages":[],"meta":{},"tags":[]},{"ancestorTitles":["D1 domain invariants — actual local Workers SQLite"],"fullName":"D1 domain invariants — actual local Workers SQLite rejects invalid event shapes before storage and never assigns another provider callback","status":"passed","title":"rejects invalid event shapes before storage and never assigns another provider callback","duration":851.1412080000009,"failureMessages":[],"meta":{},"tags":[]},{"ancestorTitles":["D1 domain invariants — actual local Workers SQLite"],"fullName":"D1 domain invariants — actual local Workers SQLite locks immutable approved fields in SQL and freezes campaign recipient membership","status":"passed","title":"locks immutable approved fields in SQL and freezes campaign recipient membership","duration":792.5903749999998,"failureMessages":[],"meta":{},"tags":[]},{"ancestorTitles":["D1 domain invariants — actual local Workers SQLite"],"fullName":"D1 domain invariants — actual local Workers SQLite cancels only before submission and releases exactly one reservation","status":"passed","title":"cancels only before submission and releases exactly one reservation","duration":647.4590420000004,"failureMessages":[],"meta":{},"tags":[]},{"ancestorTitles":["D1 domain invariants — actual local Workers SQLite"],"fullName":"D1 domain invariants — actual local Workers SQLite checks approval expiry and fingerprint before quota changes","status":"passed","title":"checks approval expiry and fingerprint before quota changes","duration":452.8575000000001,"failureMessages":[],"meta":{},"tags":[]},{"ancestorTitles":["D1 domain invariants — actual local Workers SQLite"],"fullName":"D1 domain invariants — actual local Workers SQLite checks suppression and emergency stop again immediately before submission","status":"passed","title":"checks suppression and emergency stop again immediately before submission","duration":1003.9421659999989,"failureMessages":[],"meta":{},"tags":[]},{"ancestorTitles":["D1 domain invariants — actual local Workers SQLite"],"fullName":"D1 domain invariants — actual local Workers SQLite turns an expired processing lease into uncertainty without releasing or resubmitting","status":"passed","title":"turns an expired processing lease into uncertainty without releasing or resubmitting","duration":728.8685409999998,"failureMessages":[],"meta":{},"tags":[]},{"ancestorTitles":["D1 domain invariants — actual local Workers SQLite"],"fullName":"D1 domain invariants — actual local Workers SQLite removes hostile HTML before the immutable fingerprint and rejects header injection","status":"passed","title":"removes hostile HTML before the immutable fingerprint and rejects header injection","duration":428.325417,"failureMessages":[],"meta":{},"tags":[]},{"ancestorTitles":["D1 domain invariants — actual local Workers SQLite"],"fullName":"D1 domain invariants — actual local Workers SQLite retains a known reference after uncertain submission and reconciles an earlier fact","status":"passed","title":"retains a known reference after uncertain submission and reconciles an earlier fact","duration":865.5305419999986,"failureMessages":[],"meta":{},"tags":[]},{"ancestorTitles":["D1 domain invariants — actual local Workers SQLite"],"fullName":"D1 domain invariants — actual local Workers SQLite never overwrites the reference bound by an early callback with a conflicting response","status":"passed","title":"never overwrites the reference bound by an early callback with a conflicting response","duration":786.7201249999998,"failureMessages":[],"meta":{},"tags":[]},{"ancestorTitles":["D1 domain invariants — actual local Workers SQLite"],"fullName":"D1 domain invariants — actual local Workers SQLite does not permanently suppress soft bounces; permanent bounces do suppress only their tenant","status":"passed","title":"does not permanently suppress soft bounces; permanent bounces do suppress only their tenant","duration":1054.6715829999994,"failureMessages":[],"meta":{},"tags":[]},{"ancestorTitles":["D1 domain invariants — actual local Workers SQLite"],"fullName":"D1 domain invariants — actual local Workers SQLite rechecks revoked senders and quarantined documents before any provider call","status":"passed","title":"rechecks revoked senders and quarantined documents before any provider call","duration":994.7933750000011,"failureMessages":[],"meta":{},"tags":[]},{"ancestorTitles":["D1 domain invariants — actual local Workers SQLite"],"fullName":"D1 domain invariants — actual local Workers SQLite stores unparsed production files in quarantine and promotes only after trusted scan and validation","status":"passed","title":"stores unparsed production files in quarantine and promotes only after trusted scan and validation","duration":325.5730000000003,"failureMessages":[],"meta":{},"tags":[]},{"ancestorTitles":["D1 domain invariants — actual local Workers SQLite"],"fullName":"D1 domain invariants — actual local Workers SQLite rejects a forged organization role even when the user has a real membership","status":"passed","title":"rejects a forged organization role even when the user has a real membership","duration":224.875291999997,"failureMessages":[],"meta":{},"tags":[]},{"ancestorTitles":["D1 domain invariants — actual local Workers SQLite"],"fullName":"D1 domain invariants — actual local Workers SQLite paginates deterministically and forbids production simulation pricing","status":"passed","title":"paginates deterministically and forbids production simulation pricing","duration":615.0757919999996,"failureMessages":[],"meta":{},"tags":[]}],"startTime":1789606478768,"endTime":1789606494718.0757,"status":"passed","message":"","name":"/Users/nclsppr/Developer/guteneo/tests/integration/domain-invariants.test.ts"},{"assertionResults":[{"ancestorTitles":["live delivery quotes and cumulative EUR credit — isolated D1 only"],"fullName":"live delivery quotes and cumulative EUR credit — isolated D1 only requires a true human recipient-request attestation before any production email approval","status":"passed","title":"requires a true human recipient-request attestation before any production email approval","duration":417.42045800000005,"failureMessages":[],"meta":{},"tags":[]},{"ancestorTitles":["live delivery quotes and cumulative EUR credit — isolated D1 only"],"fullName":"live delivery quotes and cumulative EUR credit — isolated D1 only atomically blocks confirmation when a once-attested approval no longer carries that attestation","status":"passed","title":"atomically blocks confirmation when a once-attested approval no longer carries that attestation","duration":502.6619169999999,"failureMessages":[],"meta":{},"tags":[]},{"ancestorTitles":["live delivery quotes and cumulative EUR credit — isolated D1 only"],"fullName":"live delivery quotes and cumulative EUR credit — isolated D1 only binds a real-rate-shaped fractional email quote, attachment bytes and one immutable idempotent command","status":"passed","title":"binds a real-rate-shaped fractional email quote, attachment bytes and one immutable idempotent command","duration":474.06537500000013,"failureMessages":[],"meta":{},"tags":[]},{"ancestorTitles":["live delivery quotes and cumulative EUR credit — isolated D1 only"],"fullName":"live delivery quotes and cumulative EUR credit — isolated D1 only uses exact rational FX before its explicit sub-nano projection","status":"passed","title":"uses exact rational FX before its explicit sub-nano projection","duration":152.19829100000015,"failureMessages":[],"meta":{},"tags":[]},{"ancestorTitles":["live delivery quotes and cumulative EUR credit — isolated D1 only"],"fullName":"live delivery quotes and cumulative EUR credit — isolated D1 only rejects absent or wrong account/route, client price/options injection, and another tenant","status":"passed","title":"rejects absent or wrong account/route, client price/options injection, and another tenant","duration":531.4274580000001,"failureMessages":[],"meta":{},"tags":[]},{"ancestorTitles":["live delivery quotes and cumulative EUR credit — isolated D1 only"],"fullName":"live delivery quotes and cumulative EUR credit — isolated D1 only expires approval and prevents acceptance or provider invocation after policy revocation","status":"passed","title":"expires approval and prevents acceptance or provider invocation after policy revocation","duration":707.0075829999996,"failureMessages":[],"meta":{},"tags":[]},{"ancestorTitles":["live delivery quotes and cumulative EUR credit — isolated D1 only"],"fullName":"live delivery quotes and cumulative EUR credit — isolated D1 only rejects direct SQL approval bypass without a qualified quote","status":"passed","title":"rejects direct SQL approval bypass without a qualified quote","duration":265.47654200000034,"failureMessages":[],"meta":{},"tags":[]},{"ancestorTitles":["live delivery quotes and cumulative EUR credit — isolated D1 only"],"fullName":"live delivery quotes and cumulative EUR credit — isolated D1 only prices the exact postal draft at twice the authenticated EUR supplier price","status":"passed","title":"prices the exact postal draft at twice the authenticated EUR supplier price","duration":802.007834,"failureMessages":[],"meta":{},"tags":[]},{"ancestorTitles":["live delivery quotes and cumulative EUR credit — isolated D1 only"],"fullName":"live delivery quotes and cumulative EUR credit — isolated D1 only does not charge a cent per email: 51 concurrent acceptances cost 2 cents cumulatively","status":"passed","title":"does not charge a cent per email: 51 concurrent acceptances cost 2 cents cumulatively","duration":25155.222792,"failureMessages":[],"meta":{},"tags":[]},{"ancestorTitles":["live delivery quotes and cumulative EUR credit — isolated D1 only"],"fullName":"live delivery quotes and cumulative EUR credit — isolated D1 only shares one credit balance across fractional email and whole-cent postal sends","status":"passed","title":"shares one credit balance across fractional email and whole-cent postal sends","duration":1230.6637079999964,"failureMessages":[],"meta":{},"tags":[]},{"ancestorTitles":["live delivery quotes and cumulative EUR credit — isolated D1 only"],"fullName":"live delivery quotes and cumulative EUR credit — isolated D1 only retains both credit and monthly holds after unknown then failed, settling once on late acceptance","status":"passed","title":"retains both credit and monthly holds after unknown then failed, settling once on late acceptance","duration":1140.659832999998,"failureMessages":[],"meta":{},"tags":[]},{"ancestorTitles":["live delivery quotes and cumulative EUR credit — isolated D1 only"],"fullName":"live delivery quotes and cumulative EUR credit — isolated D1 only releases safe rejection and queued cancellation without a fractional charge","status":"passed","title":"releases safe rejection and queued cancellation without a fractional charge","duration":1490.979290999996,"failureMessages":[],"meta":{},"tags":[]},{"ancestorTitles":["live delivery quotes and cumulative EUR credit — isolated D1 only"],"fullName":"live delivery quotes and cumulative EUR credit — isolated D1 only enforces the shared EUR50 ceiling atomically without overspend","status":"passed","title":"enforces the shared EUR50 ceiling atomically without overspend","duration":821.0185409999976,"failureMessages":[],"meta":{},"tags":[]},{"ancestorTitles":["live delivery quotes and cumulative EUR credit — isolated D1 only"],"fullName":"live delivery quotes and cumulative EUR credit — isolated D1 only retains cumulative charges when a historical dispatch is deleted","status":"passed","title":"retains cumulative charges when a historical dispatch is deleted","duration":810.5352910000001,"failureMessages":[],"meta":{},"tags":[]}],"startTime":1789606404099,"endTime":1789606438601.5354,"status":"passed","message":"","name":"/Users/nclsppr/Developer/guteneo/tests/integration/live-delivery-quotes.test.ts"},{"assertionResults":[{"ancestorTitles":[],"fullName":"captures dead letters durably and idempotently without starting a provider attempt","status":"passed","title":"captures dead letters durably and idempotently without starting a provider attempt","duration":403.8750829999999,"failureMessages":[],"meta":{},"tags":[]},{"ancestorTitles":[],"fullName":"quarantines invalid messages without crashing or persisting their arbitrary body","status":"passed","title":"quarantines invalid messages without crashing or persisting their arbitrary body","duration":53.94804199999999,"failureMessages":[],"meta":{},"tags":[]},{"ancestorTitles":[],"fullName":"does not start production attempts when live sends are disabled","status":"passed","title":"does not start production attempts when live sends are disabled","duration":54.85304200000019,"failureMessages":[],"meta":{},"tags":[]},{"ancestorTitles":[],"fullName":"processes duplicate simulation delivery once through the real consumer and domain","status":"passed","title":"processes duplicate simulation delivery once through the real consumer and domain","duration":676.8030829999998,"failureMessages":[],"meta":{},"tags":[]},{"ancestorTitles":[],"fullName":"keeps each organization administrator’s dead letters isolated","status":"passed","title":"keeps each organization administrator’s dead letters isolated","duration":703.0082079999997,"failureMessages":[],"meta":{},"tags":[]}],"startTime":1789606574167,"endTime":1789606576060.0083,"status":"passed","message":"","name":"/Users/nclsppr/Developer/guteneo/tests/integration/queue.test.ts"},{"assertionResults":[{"ancestorTitles":[],"fullName":"restores independent D1/R2 fixtures without resubmitting an uncertain physical command","status":"passed","title":"restores independent D1/R2 fixtures without resubmitting an uncertain physical command","duration":6911.296042,"failureMessages":[],"meta":{},"tags":[]}],"startTime":1789606547051,"endTime":1789606553962.2961,"status":"passed","message":"","name":"/Users/nclsppr/Developer/guteneo/tests/integration/restore.test.ts"},{"assertionResults":[{"ancestorTitles":["Trusted live fax quotes — isolated D1, no provider sends"],"fullName":"Trusted live fax quotes — isolated D1, no provider sends prepares an immutable qualified quote, approves it and reserves exactly once concurrently","status":"passed","title":"prepares an immutable qualified quote, approves it and reserves exactly once concurrently","duration":929.5509160000001,"failureMessages":[],"meta":{},"tags":[]},{"ancestorTitles":["Trusted live fax quotes — isolated D1, no provider sends"],"fullName":"Trusted live fax quotes — isolated D1, no provider sends rejects unqualified/missing identities, other accounts and other destinations","status":"passed","title":"rejects unqualified/missing identities, other accounts and other destinations","duration":600.046167,"failureMessages":[],"meta":{},"tags":[]},{"ancestorTitles":["Trusted live fax quotes — isolated D1, no provider sends"],"fullName":"Trusted live fax quotes — isolated D1, no provider sends rejects insufficient/noninteger ceilings and options not covered by qualification","status":"passed","title":"rejects insufficient/noninteger ceilings and options not covered by qualification","duration":588.7482919999998,"failureMessages":[],"meta":{},"tags":[]},{"ancestorTitles":["Trusted live fax quotes — isolated D1, no provider sends"],"fullName":"Trusted live fax quotes — isolated D1, no provider sends binds document, recipient, options, sender and quote against in-place mutation","status":"passed","title":"binds document, recipient, options, sender and quote against in-place mutation","duration":518.2959169999995,"failureMessages":[],"meta":{},"tags":[]},{"ancestorTitles":["Trusted live fax quotes — isolated D1, no provider sends"],"fullName":"Trusted live fax quotes — isolated D1, no provider sends rejects quote expiry at human approval and at confirmation","status":"passed","title":"rejects quote expiry at human approval and at confirmation","duration":711.5699169999998,"failureMessages":[],"meta":{},"tags":[]},{"ancestorTitles":["Trusted live fax quotes — isolated D1, no provider sends"],"fullName":"Trusted live fax quotes — isolated D1, no provider sends atomically rejects direct SQL approval and acceptance after tariff revocation","status":"passed","title":"atomically rejects direct SQL approval and acceptance after tariff revocation","duration":548.0723749999997,"failureMessages":[],"meta":{},"tags":[]},{"ancestorTitles":["Trusted live fax quotes — isolated D1, no provider sends"],"fullName":"Trusted live fax quotes — isolated D1, no provider sends rejects changed account at approval and confirmation","status":"passed","title":"rejects changed account at approval and confirmation","duration":553.0635409999995,"failureMessages":[],"meta":{},"tags":[]},{"ancestorTitles":["Trusted live fax quotes — isolated D1, no provider sends"],"fullName":"Trusted live fax quotes — isolated D1, no provider sends binds supplier amount, rule, currency and fiscal basis into the immutable quote hash","status":"passed","title":"binds supplier amount, rule, currency and fiscal basis into the immutable quote hash","duration":502.6815830000005,"failureMessages":[],"meta":{},"tags":[]},{"ancestorTitles":["Trusted live fax quotes — isolated D1, no provider sends"],"fullName":"Trusted live fax quotes — isolated D1, no provider sends refuses fractional supplier costs before preparation without rounding","status":"passed","title":"refuses fractional supplier costs before preparation without rounding","duration":394.3273330000002,"failureMessages":[],"meta":{},"tags":[]},{"ancestorTitles":["Trusted live fax quotes — isolated D1, no provider sends"],"fullName":"Trusted live fax quotes — isolated D1, no provider sends never invokes a provider after expiry or changed account at preflight","status":"passed","title":"never invokes a provider after expiry or changed account at preflight","duration":1016.1992909999999,"failureMessages":[],"meta":{},"tags":[]},{"ancestorTitles":["Trusted live fax quotes — isolated D1, no provider sends"],"fullName":"Trusted live fax quotes — isolated D1, no provider sends rejects cross-organization lookup and quote transplantation","status":"passed","title":"rejects cross-organization lookup and quote transplantation","duration":433.75883299999987,"failureMessages":[],"meta":{},"tags":[]},{"ancestorTitles":["Trusted live fax quotes — isolated D1, no provider sends"],"fullName":"Trusted live fax quotes — isolated D1, no provider sends rejects a NULL provider at the atomic SQL preflight guard","status":"passed","title":"rejects a NULL provider at the atomic SQL preflight guard","duration":647.0640000000003,"failureMessages":[],"meta":{},"tags":[]},{"ancestorTitles":["Trusted live fax quotes — isolated D1, no provider sends"],"fullName":"Trusted live fax quotes — isolated D1, no provider sends keeps a queued idempotent confirmation stable after quote expiry without reserving again","status":"passed","title":"keeps a queued idempotent confirmation stable after quote expiry without reserving again","duration":667.8150420000002,"failureMessages":[],"meta":{},"tags":[]},{"ancestorTitles":["Trusted live fax quotes — isolated D1, no provider sends"],"fullName":"Trusted live fax quotes — isolated D1, no provider sends rolls back preparation if the qualified tariff is revoked after resolution","status":"passed","title":"rolls back preparation if the qualified tariff is revoked after resolution","duration":389.9205839999995,"failureMessages":[],"meta":{},"tags":[]},{"ancestorTitles":["Trusted live fax quotes — isolated D1, no provider sends"],"fullName":"Trusted live fax quotes — isolated D1, no provider sends invalidates a quote when a more-specific destination policy is introduced","status":"passed","title":"invalidates a quote when a more-specific destination policy is introduced","duration":742.7573339999999,"failureMessages":[],"meta":{},"tags":[]},{"ancestorTitles":["Trusted live fax quotes — isolated D1, no provider sends"],"fullName":"Trusted live fax quotes — isolated D1, no provider sends migrates populated legacy quotes without repricing or allowing old approval, acceptance or submission","status":"passed","title":"migrates populated legacy quotes without repricing or allowing old approval, acceptance or submission","duration":3382.0795830000006,"failureMessages":[],"meta":{},"tags":[]}],"startTime":1789606512329,"endTime":1789606524957.0796,"status":"passed","message":"","name":"/Users/nclsppr/Developer/guteneo/tests/integration/trusted-fax-quotes.test.ts"},{"assertionResults":[{"ancestorTitles":["one shared lifetime promotional credit"],"fullName":"one shared lifetime promotional credit upgrades existing untouched onboarding zeros without enabling channels or lifting operator stops","status":"passed","title":"upgrades existing untouched onboarding zeros without enabling channels or lifting operator stops","duration":1379.5513330000003,"failureMessages":[],"meta":{},"tags":[]},{"ancestorTitles":["one shared lifetime promotional credit"],"fullName":"one shared lifetime promotional credit grants exactly EUR50 atomically with a production organization, and repeats never refill it","status":"passed","title":"grants exactly EUR50 atomically with a production organization, and repeats never refill it","duration":1099.0005839999994,"failureMessages":[],"meta":{},"tags":[]},{"ancestorTitles":["one shared lifetime promotional credit"],"fullName":"one shared lifetime promotional credit rolls back an unsuccessful signup together with its welcome grant","status":"passed","title":"rolls back an unsuccessful signup together with its welcome grant","duration":106.87683300000026,"failureMessages":[],"meta":{},"tags":[]},{"ancestorTitles":["one shared lifetime promotional credit"],"fullName":"one shared lifetime promotional credit does not mint real credit for a simulation tenant","status":"passed","title":"does not mint real credit for a simulation tenant","duration":203.95695799999976,"failureMessages":[],"meta":{},"tags":[]},{"ancestorTitles":["one shared lifetime promotional credit"],"fullName":"one shared lifetime promotional credit reserves once under concurrent confirmations and binds credit to the tenant","status":"passed","title":"reserves once under concurrent confirmations and binds credit to the tenant","duration":838.9178750000001,"failureMessages":[],"meta":{},"tags":[]},{"ancestorTitles":["one shared lifetime promotional credit"],"fullName":"one shared lifetime promotional credit competes across channels for one balance and rolls back losing quota, key and outbox writes","status":"passed","title":"competes across channels for one balance and rolls back losing quota, key and outbox writes","duration":851.8842910000003,"failureMessages":[],"meta":{},"tags":[]},{"ancestorTitles":["one shared lifetime promotional credit"],"fullName":"one shared lifetime promotional credit settles the immutable customer quote once, releases the unused ceiling and ignores callback cost claims","status":"passed","title":"settles the immutable customer quote once, releases the unused ceiling and ignores callback cost claims","duration":858.308833,"failureMessages":[],"meta":{},"tags":[]},{"ancestorTitles":["one shared lifetime promotional credit"],"fullName":"one shared lifetime promotional credit releases only a pending reservation on cancellation or definitive rejection","status":"passed","title":"releases only a pending reservation on cancellation or definitive rejection","duration":990.733333000001,"failureMessages":[],"meta":{},"tags":[]},{"ancestorTitles":["one shared lifetime promotional credit"],"fullName":"one shared lifetime promotional credit retains the full ceiling for a unknown provider failure without established cost","status":"passed","title":"retains the full ceiling for a unknown provider failure without established cost","duration":1044.5838329999988,"failureMessages":[],"meta":{},"tags":[]},{"ancestorTitles":["one shared lifetime promotional credit"],"fullName":"one shared lifetime promotional credit retains the full ceiling for a early provider failure without established cost","status":"passed","title":"retains the full ceiling for a early provider failure without established cost","duration":1120.5944579999996,"failureMessages":[],"meta":{},"tags":[]},{"ancestorTitles":["one shared lifetime promotional credit"],"fullName":"one shared lifetime promotional credit retains the confirmed customer charge when an accepted provider operation later fails","status":"passed","title":"retains the confirmed customer charge when an accepted provider operation later fails","duration":767.5158329999995,"failureMessages":[],"meta":{},"tags":[]},{"ancestorTitles":["one shared lifetime promotional credit"],"fullName":"one shared lifetime promotional credit settles a positive submit_response after failure without regressing the displayed status","status":"passed","title":"settles a positive submit_response after failure without regressing the displayed status","duration":823.1951250000002,"failureMessages":[],"meta":{},"tags":[]},{"ancestorTitles":["one shared lifetime promotional credit"],"fullName":"one shared lifetime promotional credit settles a positive late_webhook after failure without regressing the displayed status","status":"passed","title":"settles a positive late_webhook after failure without regressing the displayed status","duration":852.9965840000004,"failureMessages":[],"meta":{},"tags":[]},{"ancestorTitles":["one shared lifetime promotional credit"],"fullName":"one shared lifetime promotional credit holds an unknown outcome across timeout and month rollover without a blind retry","status":"passed","title":"holds an unknown outcome across timeout and month rollover without a blind retry","duration":1124.7359159999996,"failureMessages":[],"meta":{},"tags":[]},{"ancestorTitles":["one shared lifetime promotional credit"],"fullName":"one shared lifetime promotional credit carries monthly safety caps forward while retaining lifetime spend and honoring an operator zero","status":"passed","title":"carries monthly safety caps forward while retaining lifetime spend and honoring an operator zero","duration":1664.4431250000016,"failureMessages":[],"meta":{},"tags":[]},{"ancestorTitles":["one shared lifetime promotional credit"],"fullName":"one shared lifetime promotional credit keeps approvals and channel emergency stops independent from credit","status":"passed","title":"keeps approvals and channel emergency stops independent from credit","duration":603.4632920000004,"failureMessages":[],"meta":{},"tags":[]},{"ancestorTitles":["one shared lifetime promotional credit"],"fullName":"one shared lifetime promotional credit retains immutable financial history even when historical dispatch metadata is deleted","status":"passed","title":"retains immutable financial history even when historical dispatch metadata is deleted","duration":777.3786250000012,"failureMessages":[],"meta":{},"tags":[]},{"ancestorTitles":["one shared lifetime promotional credit"],"fullName":"one shared lifetime promotional credit returns the actual promotional balance without Stripe and denies a forged admin or assistant","status":"passed","title":"returns the actual promotional balance without Stripe and denies a forged admin or assistant","duration":565.8073750000003,"failureMessages":[],"meta":{},"tags":[]}],"startTime":1789606460807,"endTime":1789606476481.8074,"status":"passed","message":"","name":"/Users/nclsppr/Developer/guteneo/tests/integration/welcome-credit.test.ts"},{"assertionResults":[{"ancestorTitles":[],"fullName":"uses a redirect mode accepted by workerd and never forwards credentials to a redirect target","status":"passed","title":"uses a redirect mode accepted by workerd and never forwards credentials to a redirect target","duration":107.538333,"failureMessages":[],"meta":{},"tags":[]}],"startTime":1789606581680,"endTime":1789606581787.5383,"status":"passed","message":"","name":"/Users/nclsppr/Developer/guteneo/tests/integration/worker-transport.test.ts"},{"assertionResults":[{"ancestorTitles":["browser account and organization administration"],"fullName":"browser account and organization administration allows verified-email beta administrators to manage the account while retaining honest MFA status","status":"passed","title":"allows verified-email beta administrators to manage the account while retaining honest MFA status","duration":327.3602499999997,"failureMessages":[],"meta":{},"tags":[]},{"ancestorTitles":["browser account and organization administration"],"fullName":"browser account and organization administration rechecks the verified-account proof within the mutation transaction","status":"passed","title":"rechecks the verified-account proof within the mutation transaction","duration":281.24295800000027,"failureMessages":[],"meta":{},"tags":[]},{"ancestorTitles":["browser account and organization administration"],"fullName":"browser account and organization administration allows own name updates but restricts workspace changes and rejects privilege fields","status":"passed","title":"allows own name updates but restricts workspace changes and rejects privilege fields","duration":454.9828749999997,"failureMessages":[],"meta":{},"tags":[]},{"ancestorTitles":["browser account and organization administration"],"fullName":"browser account and organization administration requires a real browser session, origin and CSRF, and rejects bearer credentials","status":"passed","title":"requires a real browser session, origin and CSRF, and rejects bearer credentials","duration":213.01974999999993,"failureMessages":[],"meta":{},"tags":[]},{"ancestorTitles":["browser account and organization administration"],"fullName":"browser account and organization administration paginates members only for the current organization's admin","status":"passed","title":"paginates members only for the current organization's admin","duration":302.37695900000017,"failureMessages":[],"meta":{},"tags":[]},{"ancestorTitles":["browser account and organization administration"],"fullName":"browser account and organization administration revokes only the caller's session and never exposes a token or token hash","status":"passed","title":"revokes only the caller's session and never exposes a token or token hash","duration":549.7149999999997,"failureMessages":[],"meta":{},"tags":[]},{"ancestorTitles":["browser account and organization administration"],"fullName":"browser account and organization administration changes member role and revokes browser, assistant and development access atomically within the tenant","status":"passed","title":"changes member role and revokes browser, assistant and development access atomically within the tenant","duration":464.3658750000004,"failureMessages":[],"meta":{},"tags":[]},{"ancestorTitles":["browser account and organization administration"],"fullName":"browser account and organization administration disconnects a member without removing membership or touching another tenant","status":"passed","title":"disconnects a member without removing membership or touching another tenant","duration":404.37858400000005,"failureMessages":[],"meta":{},"tags":[]},{"ancestorTitles":["browser account and organization administration"],"fullName":"browser account and organization administration preserves the last admin and rolls back audit and revocation on rejection","status":"passed","title":"preserves the last admin and rolls back audit and revocation on rejection","duration":326.5134159999998,"failureMessages":[],"meta":{},"tags":[]},{"ancestorTitles":["browser account and organization administration"],"fullName":"browser account and organization administration serializes simultaneous demotions so exactly one administrator remains","status":"passed","title":"serializes simultaneous demotions so exactly one administrator remains","duration":396.6275830000004,"failureMessages":[],"meta":{},"tags":[]},{"ancestorTitles":["browser account and organization administration"],"fullName":"browser account and organization administration rechecks administrator authority inside the batch after a concurrent session change","status":"passed","title":"rechecks administrator authority inside the batch after a concurrent session change","duration":346.4533329999995,"failureMessages":[],"meta":{},"tags":[]},{"ancestorTitles":["browser account and organization administration"],"fullName":"browser account and organization administration rechecks administrator authority inside the batch after a concurrent role change","status":"passed","title":"rechecks administrator authority inside the batch after a concurrent role change","duration":361.8992079999998,"failureMessages":[],"meta":{},"tags":[]},{"ancestorTitles":["browser account and organization administration"],"fullName":"browser account and organization administration stops oversized JSON bodies before profile mutation","status":"passed","title":"stops oversized JSON bodies before profile mutation","duration":200.22341700000015,"failureMessages":[],"meta":{},"tags":[]},{"ancestorTitles":["browser account and organization administration"],"fullName":"browser account and organization administration enforces MFA for a hosted administrator and never accepts a hosted development session","status":"passed","title":"enforces MFA for a hosted administrator and never accepts a hosted development session","duration":211.95416699999987,"failureMessages":[],"meta":{},"tags":[]}],"startTime":1789606541774,"endTime":1789606546615.954,"status":"passed","message":"","name":"/Users/nclsppr/Developer/guteneo/tests/unit/account.test.ts"},{"assertionResults":[{"ancestorTitles":["identity and authentication boundaries"],"fullName":"identity and authentication boundaries issues a real local DB session and requires origin + CSRF for mutations","status":"passed","title":"issues a real local DB session and requires origin + CSRF for mutations","duration":80.12850000000026,"failureMessages":[],"meta":{},"tags":[]},{"ancestorTitles":["identity and authentication boundaries"],"fullName":"identity and authentication boundaries does not accept a client organization header, forged cookie or removed membership","status":"passed","title":"does not accept a client organization header, forged cookie or removed membership","duration":66.08941700000014,"failureMessages":[],"meta":{},"tags":[]},{"ancestorTitles":["identity and authentication boundaries"],"fullName":"identity and authentication boundaries development identity fails closed on public hosts, staging and production","status":"passed","title":"development identity fails closed on public hosts, staging and production","duration":1.2772500000000946,"failureMessages":[],"meta":{},"tags":[]},{"ancestorTitles":["identity and authentication boundaries"],"fullName":"identity and authentication boundaries stores only the session token hash and revokes the actual session on logout","status":"passed","title":"stores only the session token hash and revokes the actual session on logout","duration":76.47650000000021,"failureMessages":[],"meta":{},"tags":[]},{"ancestorTitles":["identity and authentication boundaries"],"fullName":"identity and authentication boundaries mints a scoped short simulation MCP credential that is unusable remotely","status":"passed","title":"mints a scoped short simulation MCP credential that is unusable remotely","duration":66.80458399999998,"failureMessages":[],"meta":{},"tags":[]},{"ancestorTitles":["identity and authentication boundaries"],"fullName":"identity and authentication boundaries verifies signatures, audience, issuer and expiry with real signed JWTs","status":"passed","title":"verifies signatures, audience, issuer and expiry with real signed JWTs","duration":7.484041000000161,"failureMessages":[],"meta":{},"tags":[]},{"ancestorTitles":["identity and authentication boundaries"],"fullName":"identity and authentication boundaries enforces tool scope and trusted MFA claims","status":"passed","title":"enforces tool scope and trusted MFA claims","duration":0.28641700000025594,"failureMessages":[],"meta":{},"tags":[]},{"ancestorTitles":["identity and authentication boundaries"],"fullName":"identity and authentication boundaries creates PKCE-bound login state, rejects foreign browser state and advertises Auth0 discovery","status":"passed","title":"creates PKCE-bound login state, rejects foreign browser state and advertises Auth0 discovery","duration":27.864207999999962,"failureMessages":[],"meta":{},"tags":[]},{"ancestorTitles":["identity and authentication boundaries"],"fullName":"identity and authentication boundaries grants one shared welcome credit after verified PKCE signup without enabling any channel","status":"passed","title":"grants one shared welcome credit after verified PKCE signup without enabling any channel","duration":290.9125829999998,"failureMessages":[],"meta":{},"tags":[]},{"ancestorTitles":["identity and authentication boundaries"],"fullName":"identity and authentication boundaries accepts a verified password signup in explicit free beta without manufacturing MFA","status":"passed","title":"accepts a verified password signup in explicit free beta without manufacturing MFA","duration":235.61795900000016,"failureMessages":[],"meta":{},"tags":[]},{"ancestorTitles":["identity and authentication boundaries"],"fullName":"identity and authentication boundaries free beta refuses 'missing ID proof' before creating an account or grant","status":"passed","title":"free beta refuses 'missing ID proof' before creating an account or grant","duration":53.62424999999985,"failureMessages":[],"meta":{},"tags":[]},{"ancestorTitles":["identity and authentication boundaries"],"fullName":"identity and authentication boundaries free beta refuses 'string ID proof' before creating an account or grant","status":"passed","title":"free beta refuses 'string ID proof' before creating an account or grant","duration":56.120666000000256,"failureMessages":[],"meta":{},"tags":[]},{"ancestorTitles":["identity and authentication boundaries"],"fullName":"identity and authentication boundaries free beta refuses 'missing access proof' before creating an account or grant","status":"passed","title":"free beta refuses 'missing access proof' before creating an account or grant","duration":59.20037500000035,"failureMessages":[],"meta":{},"tags":[]},{"ancestorTitles":["identity and authentication boundaries"],"fullName":"identity and authentication boundaries free beta refuses 'false access proof' before creating an account or grant","status":"passed","title":"free beta refuses 'false access proof' before creating an account or grant","duration":53.03245799999968,"failureMessages":[],"meta":{},"tags":[]},{"ancestorTitles":["identity and authentication boundaries"],"fullName":"identity and authentication boundaries free beta refuses 'unverified email despite custom proof' before creating an account or grant","status":"passed","title":"free beta refuses 'unverified email despite custom proof' before creating an account or grant","duration":54.62166699999989,"failureMessages":[],"meta":{},"tags":[]},{"ancestorTitles":["identity and authentication boundaries"],"fullName":"identity and authentication boundaries requires the signed verified-account claim for MCP before binding a client, then preserves scope and revocation","status":"passed","title":"requires the signed verified-account claim for MCP before binding a client, then preserves scope and revocation","duration":268.3604580000001,"failureMessages":[],"meta":{},"tags":[]},{"ancestorTitles":["identity and authentication boundaries"],"fullName":"identity and authentication boundaries treats a passkey method as informational, and keeps legacy and invalid policies fail-closed","status":"passed","title":"treats a passkey method as informational, and keeps legacy and invalid policies fail-closed","duration":0.2768340000002354,"failureMessages":[],"meta":{},"tags":[]},{"ancestorTitles":["identity and authentication boundaries"],"fullName":"identity and authentication boundaries requests real signup and fresh authentication using the same PKCE flow","status":"passed","title":"requests real signup and fresh authentication using the same PKCE flow","duration":13.633041000000048,"failureMessages":[],"meta":{},"tags":[]},{"ancestorTitles":["identity and authentication boundaries"],"fullName":"identity and authentication boundaries never provisions 'unverified email' or issues a session","status":"passed","title":"never provisions 'unverified email' or issues a session","duration":72.83970899999986,"failureMessages":[],"meta":{},"tags":[]},{"ancestorTitles":["identity and authentication boundaries"],"fullName":"identity and authentication boundaries never provisions 'verified email without MFA' or issues a session","status":"passed","title":"never provisions 'verified email without MFA' or issues a session","duration":83.34945800000014,"failureMessages":[],"meta":{},"tags":[]},{"ancestorTitles":["identity and authentication boundaries"],"fullName":"identity and authentication boundaries returns a safe retry error on token exchange network failure","status":"passed","title":"returns a safe retry error on token exchange network failure","duration":53.00483299999996,"failureMessages":[],"meta":{},"tags":[]},{"ancestorTitles":["identity and authentication boundaries"],"fullName":"identity and authentication boundaries returns a safe retry error on token exchange invalid JSON failure","status":"passed","title":"returns a safe retry error on token exchange invalid JSON failure","duration":55.59912499999973,"failureMessages":[],"meta":{},"tags":[]},{"ancestorTitles":["identity and authentication boundaries"],"fullName":"identity and authentication boundaries returns a safe retry error on token exchange null JSON failure","status":"passed","title":"returns a safe retry error on token exchange null JSON failure","duration":52.28908300000012,"failureMessages":[],"meta":{},"tags":[]},{"ancestorTitles":["identity and authentication boundaries"],"fullName":"identity and authentication boundaries bounds hosted login writes per source without retaining raw addresses","status":"passed","title":"bounds hosted login writes per source without retaining raw addresses","duration":1568.488167,"failureMessages":[],"meta":{},"tags":[]},{"ancestorTitles":["actual stateless MCP transport with shared D1 domain"],"fullName":"actual stateless MCP transport with shared D1 domain advertises exact file schema and never exposes a human approval tool","status":"passed","title":"advertises exact file schema and never exposes a human approval tool","duration":95.00224999999955,"failureMessages":[],"meta":{},"tags":[]},{"ancestorTitles":["actual stateless MCP transport with shared D1 domain"],"fullName":"actual stateless MCP transport with shared D1 domain requires recorded browser approval and double confirmation creates one reservation","status":"passed","title":"requires recorded browser approval and double confirmation creates one reservation","duration":715.7357089999996,"failureMessages":[],"meta":{},"tags":[]},{"ancestorTitles":["actual stateless MCP transport with shared D1 domain"],"fullName":"actual stateless MCP transport with shared D1 domain rejects missing auth and shares the organization HTTP quota","status":"passed","title":"rejects missing auth and shares the organization HTTP quota","duration":88.50212499999998,"failureMessages":[],"meta":{},"tags":[]}],"startTime":1789606556266,"endTime":1789606560463.5022,"status":"passed","message":"","name":"/Users/nclsppr/Developer/guteneo/tests/unit/auth.test.ts"},{"assertionResults":[{"ancestorTitles":["organization billing without fabricated charges"],"fullName":"organization billing without fabricated charges shows missing configuration while keeping simulation reservations separate from invoices","status":"passed","title":"shows missing configuration while keeping simulation reservations separate from invoices","duration":97.62179100000003,"failureMessages":[],"meta":{},"tags":[]},{"ancestorTitles":["organization billing without fabricated charges"],"fullName":"organization billing without fabricated charges requires current administrator membership and a browser actor, even with a forged role","status":"passed","title":"requires current administrator membership and a browser actor, even with a forged role","duration":137.55620799999997,"failureMessages":[],"meta":{},"tags":[]},{"ancestorTitles":["organization billing without fabricated charges"],"fullName":"organization billing without fabricated charges requires session + CSRF and refuses client-supplied Stripe account fields","status":"passed","title":"requires session + CSRF and refuses client-supplied Stripe account fields","duration":167.1022499999999,"failureMessages":[],"meta":{},"tags":[]},{"ancestorTitles":["organization billing without fabricated charges"],"fullName":"organization billing without fabricated charges creates one mapped customer on concurrent requests using the same server-owned idempotency key","status":"passed","title":"creates one mapped customer on concurrent requests using the same server-owned idempotency key","duration":339.6657500000001,"failureMessages":[],"meta":{},"tags":[]},{"ancestorTitles":["organization billing without fabricated charges"],"fullName":"organization billing without fabricated charges never recreates an ambiguous customer after Stripe’s idempotency retention window","status":"passed","title":"never recreates an ambiguous customer after Stripe’s idempotency retention window","duration":63.11245800000006,"failureMessages":[],"meta":{},"tags":[]},{"ancestorTitles":["organization billing without fabricated charges"],"fullName":"organization billing without fabricated charges opens only the current organization’s portal with a scoped stable idempotency key","status":"passed","title":"opens only the current organization’s portal with a scoped stable idempotency key","duration":99.0300830000001,"failureMessages":[],"meta":{},"tags":[]},{"ancestorTitles":["organization billing without fabricated charges"],"fullName":"organization billing without fabricated charges rechecks browser and admin authority after Stripe responds: unchanged","status":"passed","title":"rechecks browser and admin authority after Stripe responds: unchanged","duration":114.65316699999994,"failureMessages":[],"meta":{},"tags":[]},{"ancestorTitles":["organization billing without fabricated charges"],"fullName":"organization billing without fabricated charges rechecks browser and admin authority after Stripe responds: session_revoked","status":"passed","title":"rechecks browser and admin authority after Stripe responds: session_revoked","duration":126.1388750000001,"failureMessages":[],"meta":{},"tags":[]},{"ancestorTitles":["organization billing without fabricated charges"],"fullName":"organization billing without fabricated charges rechecks browser and admin authority after Stripe responds: admin_demoted","status":"passed","title":"rechecks browser and admin authority after Stripe responds: admin_demoted","duration":166.94375000000036,"failureMessages":[],"meta":{},"tags":[]},{"ancestorTitles":["organization billing without fabricated charges"],"fullName":"organization billing without fabricated charges rejects foreign customer responses, unsafe portal origins and live mode on a simulation organization","status":"passed","title":"rejects foreign customer responses, unsafe portal origins and live mode on a simulation organization","duration":77.17358400000012,"failureMessages":[],"meta":{},"tags":[]},{"ancestorTitles":["signed canonical Stripe projections"],"fullName":"signed canonical Stripe projections rejects forged, expired, future and wrong-mode webhooks before any provider request","status":"passed","title":"rejects forged, expired, future and wrong-mode webhooks before any provider request","duration":3.4405420000002778,"failureMessages":[],"meta":{},"tags":[]},{"ancestorTitles":["signed canonical Stripe projections"],"fullName":"signed canonical Stripe projections acknowledges unknown customer events without creating an account from metadata","status":"passed","title":"acknowledges unknown customer events without creating an account from metadata","duration":21.494374999999764,"failureMessages":[],"meta":{},"tags":[]},{"ancestorTitles":["signed canonical Stripe projections"],"fullName":"signed canonical Stripe projections projects current provider truth, ignoring the stale webhook snapshot, and replays only once","status":"passed","title":"projects current provider truth, ignoring the stale webhook snapshot, and replays only once","duration":184.38729200000034,"failureMessages":[],"meta":{},"tags":[]},{"ancestorTitles":["signed canonical Stripe projections"],"fullName":"signed canonical Stripe projections does not regress paid invoices when an earlier event arrives later","status":"passed","title":"does not regress paid invoices when an earlier event arrives later","duration":111.40216699999974,"failureMessages":[],"meta":{},"tags":[]},{"ancestorTitles":["signed canonical Stripe projections"],"fullName":"signed canonical Stripe projections does not mark failed retrievals as processed and retries safely","status":"passed","title":"does not mark failed retrievals as processed and retries safely","duration":157.22737499999994,"failureMessages":[],"meta":{},"tags":[]},{"ancestorTitles":["signed canonical Stripe projections"],"fullName":"signed canonical Stripe projections refuses canonical responses for another customer and non-integer money","status":"passed","title":"refuses canonical responses for another customer and non-integer money","duration":121.68337500000007,"failureMessages":[],"meta":{},"tags":[]},{"ancestorTitles":["signed canonical Stripe projections"],"fullName":"signed canonical Stripe projections serializes concurrent canonical reads and fences an expired worker from writing","status":"passed","title":"serializes concurrent canonical reads and fences an expired worker from writing","duration":178.1402079999998,"failureMessages":[],"meta":{},"tags":[]},{"ancestorTitles":["signed canonical Stripe projections"],"fullName":"signed canonical Stripe projections projects payments and subscriptions without generating usage credits or invoices","status":"passed","title":"projects payments and subscriptions without generating usage credits or invoices","duration":287.3550000000005,"failureMessages":[],"meta":{},"tags":[]}],"startTime":1789606569399,"endTime":1789606571853.355,"status":"passed","message":"","name":"/Users/nclsppr/Developer/guteneo/tests/unit/billing.test.ts"},{"assertionResults":[{"ancestorTitles":[],"fullName":"refuses simulation production, remote dev and unconfigured identity","status":"passed","title":"refuses simulation production, remote dev and unconfigured identity","duration":12.739084000000048,"failureMessages":[],"meta":{},"tags":[]},{"ancestorTitles":[],"fullName":"allows only a configured SES POST to reach its independent signature verifier","status":"passed","title":"allows only a configured SES POST to reach its independent signature verifier","duration":1.0740000000000123,"failureMessages":[],"meta":{},"tags":[]},{"ancestorTitles":[],"fullName":"allows only a configured Telnyx POST to reach its independent signature verifier","status":"passed","title":"allows only a configured Telnyx POST to reach its independent signature verifier","duration":0.9010000000000105,"failureMessages":[],"meta":{},"tags":[]},{"ancestorTitles":[],"fullName":"rejects unsafe scheduled environments before reading receipts","status":"passed","title":"rejects unsafe scheduled environments before reading receipts","duration":0.8190000000000168,"failureMessages":[],"meta":{},"tags":[]},{"ancestorTitles":[],"fullName":"allows only read-only readiness while identity is awaiting configuration","status":"passed","title":"allows only read-only readiness while identity is awaiting configuration","duration":0.33045800000002146,"failureMessages":[],"meta":{},"tags":[]},{"ancestorTitles":[],"fullName":"keeps registration and health incomplete until every identity setting exists","status":"passed","title":"keeps registration and health incomplete until every identity setting exists","duration":6.565417000000025,"failureMessages":[],"meta":{},"tags":[]}],"startTime":1789606583494,"endTime":1789606583516.5654,"status":"passed","message":"","name":"/Users/nclsppr/Developer/guteneo/tests/unit/config.test.ts"},{"assertionResults":[{"ancestorTitles":["content boundary"],"fullName":"content boundary rejects an unsupported postal address line instead of silently dropping it","status":"passed","title":"rejects an unsupported postal address line instead of silently dropping it","duration":1.0954590000000053,"failureMessages":[],"meta":{},"tags":[]},{"ancestorTitles":["content boundary"],"fullName":"content boundary removes scripts, CSS, images, SVG and dangerous links before approval","status":"passed","title":"removes scripts, CSS, images, SVG and dangerous links before approval","duration":1.5107920000000092,"failureMessages":[],"meta":{},"tags":[]},{"ancestorTitles":["content boundary"],"fullName":"content boundary rejects header injection and active CSV formulas","status":"passed","title":"rejects header injection and active CSV formulas","duration":1.0863750000000039,"failureMessages":[],"meta":{},"tags":[]},{"ancestorTitles":["content boundary"],"fullName":"content boundary normalizes recipient rows and detects duplicates without sending","status":"passed","title":"normalizes recipient rows and detects duplicates without sending","duration":1.7392499999999984,"failureMessages":[],"meta":{},"tags":[]},{"ancestorTitles":["content boundary"],"fullName":"content boundary refuses arbitrary URLs, localhost, credentials, redirects and insecure schemes","status":"passed","title":"refuses arbitrary URLs, localhost, credentials, redirects and insecure schemes","duration":0.5072500000000275,"failureMessages":[],"meta":{},"tags":[]},{"ancestorTitles":["content boundary"],"fullName":"content boundary limits streaming downloads independent of content-length","status":"passed","title":"limits streaming downloads independent of content-length","duration":12.744041999999979,"failureMessages":[],"meta":{},"tags":[]},{"ancestorTitles":["content boundary"],"fullName":"content boundary validates actual PDF bytes without changing their hash","status":"passed","title":"validates actual PDF bytes without changing their hash","duration":12.189291999999995,"failureMessages":[],"meta":{},"tags":[]},{"ancestorTitles":["content boundary"],"fullName":"content boundary rejects PDF active content through parsed object dictionaries","status":"passed","title":"rejects PDF active content through parsed object dictionaries","duration":2.2130420000000015,"failureMessages":[],"meta":{},"tags":[]}],"startTime":1789606582392,"endTime":1789606582425.2131,"status":"passed","message":"","name":"/Users/nclsppr/Developer/guteneo/tests/unit/content.test.ts"},{"assertionResults":[{"ancestorTitles":["Cursor project-scoped local upload"],"fullName":"Cursor project-scoped local upload uploads the exact original PDF as authenticated multipart and returns only verified metadata","status":"passed","title":"uploads the exact original PDF as authenticated multipart and returns only verified metadata","duration":31.912334000000016,"failureMessages":[],"meta":{},"tags":[]},{"ancestorTitles":["Cursor project-scoped local upload"],"fullName":"Cursor project-scoped local upload pins a configured directory alias to its canonical project before reading","status":"passed","title":"pins a configured directory alias to its canonical project before reading","duration":7.127749999999992,"failureMessages":[],"meta":{},"tags":[]},{"ancestorTitles":["Cursor project-scoped local upload"],"fullName":"Cursor project-scoped local upload rejects replacement of the canonical project with a symlink before upload","status":"passed","title":"rejects replacement of the canonical project with a symlink before upload","duration":5.3325419999999895,"failureMessages":[],"meta":{},"tags":[]},{"ancestorTitles":["Cursor project-scoped local upload"],"fullName":"Cursor project-scoped local upload blocks unsafe path \"../outside.pdf\" before any network request","status":"passed","title":"blocks unsafe path \"../outside.pdf\" before any network request","duration":2.9774579999999844,"failureMessages":[],"meta":{},"tags":[]},{"ancestorTitles":["Cursor project-scoped local upload"],"fullName":"Cursor project-scoped local upload blocks unsafe path \"documents/../../outside.pdf\" before any network request","status":"passed","title":"blocks unsafe path \"documents/../../outside.pdf\" before any network request","duration":2.915707999999995,"failureMessages":[],"meta":{},"tags":[]},{"ancestorTitles":["Cursor project-scoped local upload"],"fullName":"Cursor project-scoped local upload blocks unsafe path \"/etc/passwd\" before any network request","status":"passed","title":"blocks unsafe path \"/etc/passwd\" before any network request","duration":2.555874999999986,"failureMessages":[],"meta":{},"tags":[]},{"ancestorTitles":["Cursor project-scoped local upload"],"fullName":"Cursor project-scoped local upload blocks unsafe path \"C:\\\\private\\\\secret.pdf\" before any network request","status":"passed","title":"blocks unsafe path \"C:\\\\private\\\\secret.pdf\" before any network request","duration":3.57974999999999,"failureMessages":[],"meta":{},"tags":[]},{"ancestorTitles":["Cursor project-scoped local upload"],"fullName":"Cursor project-scoped local upload blocks unsafe path \"\\\\\\\\server\\\\share.pdf\" before any network request","status":"passed","title":"blocks unsafe path \"\\\\\\\\server\\\\share.pdf\" before any network request","duration":2.801750000000027,"failureMessages":[],"meta":{},"tags":[]},{"ancestorTitles":["Cursor project-scoped local upload"],"fullName":"Cursor project-scoped local upload blocks unsafe path \"documents/../original.pdf\" before any network request","status":"passed","title":"blocks unsafe path \"documents/../original.pdf\" before any network request","duration":2.630833999999993,"failureMessages":[],"meta":{},"tags":[]},{"ancestorTitles":["Cursor project-scoped local upload"],"fullName":"Cursor project-scoped local upload blocks unsafe path \"documents\\\\original.pdf\" before any network request","status":"passed","title":"blocks unsafe path \"documents\\\\original.pdf\" before any network request","duration":2.7298330000000135,"failureMessages":[],"meta":{},"tags":[]},{"ancestorTitles":["Cursor project-scoped local upload"],"fullName":"Cursor project-scoped local upload blocks unsafe path \"documents/original.pdf\\n\" before any network request","status":"passed","title":"blocks unsafe path \"documents/original.pdf\\n\" before any network request","duration":2.6614999999999895,"failureMessages":[],"meta":{},"tags":[]},{"ancestorTitles":["Cursor project-scoped local upload"],"fullName":"Cursor project-scoped local upload blocks unsafe path \"documents//original.pdf\" before any network request","status":"passed","title":"blocks unsafe path \"documents//original.pdf\" before any network request","duration":1.7707090000000107,"failureMessages":[],"meta":{},"tags":[]},{"ancestorTitles":["Cursor project-scoped local upload"],"fullName":"Cursor project-scoped local upload blocks a file symlink outside the project","status":"passed","title":"blocks a file symlink outside the project","duration":2.015625,"failureMessages":[],"meta":{},"tags":[]},{"ancestorTitles":["Cursor project-scoped local upload"],"fullName":"Cursor project-scoped local upload blocks a parent directory symlink and even an internal symlink","status":"passed","title":"blocks a parent directory symlink and even an internal symlink","duration":3.194125000000014,"failureMessages":[],"meta":{},"tags":[]},{"ancestorTitles":["Cursor project-scoped local upload"],"fullName":"Cursor project-scoped local upload blocks a hard-linked file outside the project","status":"passed","title":"blocks a hard-linked file outside the project","duration":2.9155420000000163,"failureMessages":[],"meta":{},"tags":[]},{"ancestorTitles":["Cursor project-scoped local upload"],"fullName":"Cursor project-scoped local upload rejects a directory, invalid magic and a file larger than 10 MiB","status":"passed","title":"rejects a directory, invalid magic and a file larger than 10 MiB","duration":3.6437500000000114,"failureMessages":[],"meta":{},"tags":[]},{"ancestorTitles":["Cursor project-scoped local upload"],"fullName":"Cursor project-scoped local upload rejects unsafe API origin \"http://guteneo.example\"","status":"passed","title":"rejects unsafe API origin \"http://guteneo.example\"","duration":2.3129169999999704,"failureMessages":[],"meta":{},"tags":[]},{"ancestorTitles":["Cursor project-scoped local upload"],"fullName":"Cursor project-scoped local upload rejects unsafe API origin \"https://user:pass@guteneo.example\"","status":"passed","title":"rejects unsafe API origin \"https://user:pass@guteneo.example\"","duration":2.9482080000000224,"failureMessages":[],"meta":{},"tags":[]},{"ancestorTitles":["Cursor project-scoped local upload"],"fullName":"Cursor project-scoped local upload rejects unsafe API origin \"https://guteneo.example/api\"","status":"passed","title":"rejects unsafe API origin \"https://guteneo.example/api\"","duration":3.047124999999994,"failureMessages":[],"meta":{},"tags":[]},{"ancestorTitles":["Cursor project-scoped local upload"],"fullName":"Cursor project-scoped local upload rejects unsafe API origin \"https://guteneo.example?token=hidden\"","status":"passed","title":"rejects unsafe API origin \"https://guteneo.example?token=hidden\"","duration":2.3231249999999477,"failureMessages":[],"meta":{},"tags":[]},{"ancestorTitles":["Cursor project-scoped local upload"],"fullName":"Cursor project-scoped local upload rejects unsafe API origin \"https://guteneo.example#fragment\"","status":"passed","title":"rejects unsafe API origin \"https://guteneo.example#fragment\"","duration":1.6976249999999595,"failureMessages":[],"meta":{},"tags":[]},{"ancestorTitles":["Cursor project-scoped local upload"],"fullName":"Cursor project-scoped local upload rejects unsafe API origin \"file:///tmp/guteneo\"","status":"passed","title":"rejects unsafe API origin \"file:///tmp/guteneo\"","duration":1.81574999999998,"failureMessages":[],"meta":{},"tags":[]},{"ancestorTitles":["Cursor project-scoped local upload"],"fullName":"Cursor project-scoped local upload allows HTTPS and exact loopback development origins only","status":"passed","title":"allows HTTPS and exact loopback development origins only","duration":2.7513339999999857,"failureMessages":[],"meta":{},"tags":[]},{"ancestorTitles":["Cursor project-scoped local upload"],"fullName":"Cursor project-scoped local upload requires an explicit narrow project root and a nonempty token","status":"passed","title":"requires an explicit narrow project root and a nonempty token","duration":2.5801660000000197,"failureMessages":[],"meta":{},"tags":[]},{"ancestorTitles":["Cursor project-scoped local upload"],"fullName":"Cursor project-scoped local upload rejects a mismatched stored digest or size","status":"passed","title":"rejects a mismatched stored digest or size","duration":3.8120420000000195,"failureMessages":[],"meta":{},"tags":[]},{"ancestorTitles":["Cursor project-scoped local upload"],"fullName":"Cursor project-scoped local upload accepts a scanned ready receipt with a positive page count","status":"passed","title":"accepts a scanned ready receipt with a positive page count","duration":2.9974169999999845,"failureMessages":[],"meta":{},"tags":[]},{"ancestorTitles":["Cursor project-scoped local upload"],"fullName":"Cursor project-scoped local upload rejects an invalid page count in {\"status\":\"ready\",\"pages\":0}","status":"passed","title":"rejects an invalid page count in {\"status\":\"ready\",\"pages\":0}","duration":3.638750000000016,"failureMessages":[],"meta":{},"tags":[]},{"ancestorTitles":["Cursor project-scoped local upload"],"fullName":"Cursor project-scoped local upload rejects an invalid page count in {\"status\":\"quarantined\",\"pages\":-1}","status":"passed","title":"rejects an invalid page count in {\"status\":\"quarantined\",\"pages\":-1}","duration":3.1392079999999964,"failureMessages":[],"meta":{},"tags":[]},{"ancestorTitles":["Cursor project-scoped local upload"],"fullName":"Cursor project-scoped local upload rejects an invalid page count in {\"status\":\"quarantined\",\"pages\":1.5}","status":"passed","title":"rejects an invalid page count in {\"status\":\"quarantined\",\"pages\":1.5}","duration":3.047458000000006,"failureMessages":[],"meta":{},"tags":[]},{"ancestorTitles":["Cursor project-scoped local upload"],"fullName":"Cursor project-scoped local upload does not auto-retry or disclose a token after an uncertain upload response","status":"passed","title":"does not auto-retry or disclose a token after an uncertain upload response","duration":3.011292000000026,"failureMessages":[],"meta":{},"tags":[]},{"ancestorTitles":["Cursor project-scoped local upload"],"fullName":"Cursor project-scoped local upload does not expose an untrusted upstream error body","status":"passed","title":"does not expose an untrusted upstream error body","duration":2.5304160000000024,"failureMessages":[],"meta":{},"tags":[]},{"ancestorTitles":["Cursor project-scoped local upload"],"fullName":"Cursor project-scoped local upload limits successful response bodies and rejects malformed receipts","status":"passed","title":"limits successful response bodies and rejects malformed receipts","duration":4.526792,"failureMessages":[],"meta":{},"tags":[]},{"ancestorTitles":["Cursor project-scoped local upload"],"fullName":"Cursor project-scoped local upload serves initialize, tools/list and a rejected tools/call over real stdio without network","status":"passed","title":"serves initialize, tools/list and a rejected tools/call over real stdio without network","duration":215.871583,"failureMessages":[],"meta":{},"tags":[]}],"startTime":1789606580746,"endTime":1789606581089.8716,"status":"passed","message":"","name":"/Users/nclsppr/Developer/guteneo/tests/unit/cursor-upload.test.ts"},{"assertionResults":[{"ancestorTitles":["manual rescan of the exact quarantined original"],"fullName":"manual rescan of the exact quarantined original unlocks only matching clean scan plus isolated validation, preserving ID, bytes and upload budget","status":"passed","title":"unlocks only matching clean scan plus isolated validation, preserving ID, bytes and upload budget","duration":506.9334160000001,"failureMessages":[],"meta":{},"tags":[]},{"ancestorTitles":["manual rescan of the exact quarantined original"],"fullName":"manual rescan of the exact quarantined original rolls back promotion and retry history if the canonical scan proof cannot commit","status":"passed","title":"rolls back promotion and retry history if the canonical scan proof cannot commit","duration":263.7745829999999,"failureMessages":[],"meta":{},"tags":[]},{"ancestorTitles":["manual rescan of the exact quarantined original"],"fullName":"manual rescan of the exact quarantined original requires tenant ownership and write permission before storage/provider access","status":"passed","title":"requires tenant ownership and write permission before storage/provider access","duration":149.4730830000001,"failureMessages":[],"meta":{},"tags":[]},{"ancestorTitles":["manual rescan of the exact quarantined original"],"fullName":"manual rescan of the exact quarantined original keeps ready documents idempotent and refuses purged originals","status":"passed","title":"keeps ready documents idempotent and refuses purged originals","duration":327.19441700000016,"failureMessages":[],"meta":{},"tags":[]},{"ancestorTitles":["manual rescan of the exact quarantined original"],"fullName":"manual rescan of the exact quarantined original refuses missing scanner/validator without spending a retry","status":"passed","title":"refuses missing scanner/validator without spending a retry","duration":154.08729099999982,"failureMessages":[],"meta":{},"tags":[]},{"ancestorTitles":["manual rescan of the exact quarantined original"],"fullName":"manual rescan of the exact quarantined original never passes missing or altered private bytes to the scanner","status":"passed","title":"never passes missing or altered private bytes to the scanner","duration":288.87895800000024,"failureMessages":[],"meta":{},"tags":[]},{"ancestorTitles":["manual rescan of the exact quarantined original"],"fullName":"manual rescan of the exact quarantined original keeps quarantine on scanner infected and never invokes PDF validation","status":"passed","title":"keeps quarantine on scanner infected and never invokes PDF validation","duration":211.10866699999997,"failureMessages":[],"meta":{},"tags":[]},{"ancestorTitles":["manual rescan of the exact quarantined original"],"fullName":"manual rescan of the exact quarantined original keeps quarantine on scanner wrong hash and never invokes PDF validation","status":"passed","title":"keeps quarantine on scanner wrong hash and never invokes PDF validation","duration":199.98341699999992,"failureMessages":[],"meta":{},"tags":[]},{"ancestorTitles":["manual rescan of the exact quarantined original"],"fullName":"manual rescan of the exact quarantined original keeps quarantine on scanner malformed JSON and never invokes PDF validation","status":"passed","title":"keeps quarantine on scanner malformed JSON and never invokes PDF validation","duration":211.35183299999971,"failureMessages":[],"meta":{},"tags":[]},{"ancestorTitles":["manual rescan of the exact quarantined original"],"fullName":"manual rescan of the exact quarantined original keeps quarantine on scanner oversized and never invokes PDF validation","status":"passed","title":"keeps quarantine on scanner oversized and never invokes PDF validation","duration":212.78220899999997,"failureMessages":[],"meta":{},"tags":[]},{"ancestorTitles":["manual rescan of the exact quarantined original"],"fullName":"manual rescan of the exact quarantined original keeps quarantine on scanner unavailable and never invokes PDF validation","statu
[...]
":"production static crawl boundary keeps unknown HTML, missing assets, JSON and failed public documents noindex","status":"passed","title":"keeps unknown HTML, missing assets, JSON and failed public documents noindex","duration":0.6769579999999991,"failureMessages":[],"meta":{},"tags":[]},{"ancestorTitles":["production static crawl boundary"],"fullName":"production static crawl boundary allows image discovery only on the canonical origin","status":"passed","title":"allows image discovery only on the canonical origin","duration":0.31562499999999716,"failureMessages":[],"meta":{},"tags":[]},{"ancestorTitles":["production static crawl boundary"],"fullName":"production static crawl boundary permits following only clean same-origin public canonical redirects","status":"passed","title":"permits following only clean same-origin public canonical redirects","duration":0.5640420000000006,"failureMessages":[],"meta":{},"tags":[]},{"ancestorTitles":["production static crawl boundary"],"fullName":"production static crawl boundary delegates all private prefixes, encoded aliases and every write to the authenticated app","status":"passed","title":"delegates all private prefixes, encoded aliases and every write to the authenticated app","duration":0.8300830000000019,"failureMessages":[],"meta":{},"tags":[]},{"ancestorTitles":["production static crawl boundary"],"fullName":"production static crawl boundary robots policy cannot leak from the primary origin to fallback or private query","status":"passed","title":"robots policy cannot leak from the primary origin to fallback or private query","duration":0.5810840000000042,"failureMessages":[],"meta":{},"tags":[]},{"ancestorTitles":["production static crawl boundary"],"fullName":"production static crawl boundary retains base production safeguards and fails closed on malformed paths or asset failure","status":"passed","title":"retains base production safeguards and fails closed on malformed paths or asset failure","duration":0.5600409999999982,"failureMessages":[],"meta":{},"tags":[]}],"startTime":1789606583107,"endTime":1789606583131.581,"status":"passed","message":"","name":"/Users/nclsppr/Developer/guteneo/tests/unit/public-assets.test.ts"},{"assertionResults":[{"ancestorTitles":["public browser design preview"],"fullName":"public browser design preview keeps one fictional credit balance across channels, holds uncertainty and blocks unaffordable ceilings","status":"passed","title":"keeps one fictional credit balance across channels, holds uncertainty and blocks unaffordable ceilings","duration":30.65858399999999,"failureMessages":[],"meta":{},"tags":[]},{"ancestorTitles":["public browser design preview"],"fullName":"public browser design preview starts with a fictional session, real fixture PDF bytes, and matching metadata","status":"passed","title":"starts with a fictional session, real fixture PDF bytes, and matching metadata","duration":6.387749999999983,"failureMessages":[],"meta":{},"tags":[]},{"ancestorTitles":["public browser design preview"],"fullName":"public browser design preview requires matching, unexpired approval and only records a fictional outcome","status":"passed","title":"requires matching, unexpired approval and only records a fictional outcome","duration":3.156499999999994,"failureMessages":[],"meta":{},"tags":[]},{"ancestorTitles":["public browser design preview"],"fullName":"public browser design preview rejects expired approvals and keeps uncertain examples from retrying","status":"passed","title":"rejects expired approvals and keeps uncertain examples from retrying","duration":3.660125000000022,"failureMessages":[],"meta":{},"tags":[]},{"ancestorTitles":["public browser design preview"],"fullName":"public browser design preview keeps organizations and browser instances separate and clears state on logout","status":"passed","title":"keeps organizations and browser instances separate and clears state on logout","duration":10.07899999999998,"failureMessages":[],"meta":{},"tags":[]},{"ancestorTitles":["public browser design preview"],"fullName":"public browser design preview supports CSV feedback and campaign preparation without bypassing review","status":"passed","title":"supports CSV feedback and campaign preparation without bypassing review","duration":3.5007500000000107,"failureMessages":[],"meta":{},"tags":[]},{"ancestorTitles":["public browser design preview"],"fullName":"public browser design preview rejects document upload, HTML rendering, unknown actions and aborted reads","status":"passed","title":"rejects document upload, HTML rendering, unknown actions and aborted reads","duration":18.22312500000001,"failureMessages":[],"meta":{},"tags":[]},{"ancestorTitles":["public browser design preview"],"fullName":"public browser design preview routes the public build API and PDF helper locally without fetch","status":"passed","title":"routes the public build API and PDF helper locally without fetch","duration":15.330250000000007,"failureMessages":[],"meta":{},"tags":[]},{"ancestorTitles":["normal application transport"],"fullName":"normal application transport keeps authenticated API and document requests when the preview flag is absent","status":"passed","title":"keeps authenticated API and document requests when the preview flag is absent","duration":2.3186249999999973,"failureMessages":[],"meta":{},"tags":[]}],"startTime":1789606581941,"endTime":1789606582034.3186,"status":"passed","message":"","name":"/Users/nclsppr/Developer/guteneo/tests/unit/public-preview.test.ts"},{"assertionResults":[{"ancestorTitles":["customer quote precision"],"fullName":"customer quote precision preserves sub-cent amounts down to a nanoEUR","status":"passed","title":"preserves sub-cent amounts down to a nanoEUR","duration":15.204583999999997,"failureMessages":[],"meta":{},"tags":[]},{"ancestorTitles":["customer quote precision"],"fullName":"customer quote precision does not claim a free or precise quote when it is absent or invalid","status":"passed","title":"does not claim a free or precise quote when it is absent or invalid","duration":0.30920799999999815,"failureMessages":[],"meta":{},"tags":[]}],"startTime":1789606583612,"endTime":1789606583627.3093,"status":"passed","message":"","name":"/Users/nclsppr/Developer/guteneo/tests/unit/quoted-money.test.ts"},{"assertionResults":[{"ancestorTitles":["real SES sandbox recipient boundary"],"fullName":"real SES sandbox recipient boundary permits an explicitly qualified recipient without changing application production mode","status":"passed","title":"permits an explicitly qualified recipient without changing application production mode","duration":1.0416659999999922,"failureMessages":[],"meta":{},"tags":[]},{"ancestorTitles":["real SES sandbox recipient boundary"],"fullName":"real SES sandbox recipient boundary does not treat sandbox as permission to send to arbitrary or differently cased identities","status":"passed","title":"does not treat sandbox as permission to send to arbitrary or differently cased identities","duration":0.6223329999999976,"failureMessages":[],"meta":{},"tags":[]},{"ancestorTitles":["real SES sandbox recipient boundary"],"fullName":"real SES sandbox recipient boundary rejects missing, wildcard and malformed qualification lists","status":"passed","title":"rejects missing, wildcard and malformed qualification lists","duration":0.35829200000000583,"failureMessages":[],"meta":{},"tags":[]},{"ancestorTitles":["real SES sandbox recipient boundary"],"fullName":"real SES sandbox recipient boundary requires coherent region and account attribution for both real transport modes","status":"passed","title":"requires coherent region and account attribution for both real transport modes","duration":0.45674999999999955,"failureMessages":[],"meta":{},"tags":[]},{"ancestorTitles":["real SES sandbox recipient boundary"],"fullName":"real SES sandbox recipient boundary never interprets an absent or invalid mode as production permission","status":"passed","title":"never interprets an absent or invalid mode as production permission","duration":0.23670800000002146,"failureMessages":[],"meta":{},"tags":[]},{"ancestorTitles":["real SES sandbox recipient boundary"],"fullName":"real SES sandbox recipient boundary uses the broader SES recipient scope only after explicit production configuration","status":"passed","title":"uses the broader SES recipient scope only after explicit production configuration","duration":0.11295899999998937,"failureMessages":[],"meta":{},"tags":[]}],"startTime":1789606583773,"endTime":1789606583776.2368,"status":"passed","message":"","name":"/Users/nclsppr/Developer/guteneo/tests/unit/ses-environment.test.ts"},{"assertionResults":[{"ancestorTitles":["SES account and region transport quota on D1"],"fullName":"SES account and region transport quota on D1 serializes simultaneous sends across organizations and repeated calls to the same attempt","status":"passed","title":"serializes simultaneous sends across organizations and repeated calls to the same attempt","duration":1432.050708,"failureMessages":[],"meta":{},"tags":[]},{"ancestorTitles":["SES account and region transport quota on D1"],"fullName":"SES account and region transport quota on D1 allows exactly 200 recipients in a rolling 24h window, including exact boundary behavior","status":"passed","title":"allows exactly 200 recipients in a rolling 24h window, including exact boundary behavior","duration":9007.339458,"failureMessages":[],"meta":{},"tags":[]},{"ancestorTitles":["SES account and region transport quota on D1"],"fullName":"SES account and region transport quota on D1 holds an in-flight mutex and measures the second from completion, not reservation time","status":"passed","title":"holds an in-flight mutex and measures the second from completion, not reservation time","duration":275.31795800000145,"failureMessages":[],"meta":{},"tags":[]},{"ancestorTitles":["SES account and region transport quota on D1"],"fullName":"SES account and region transport quota on D1 uses the acknowledgement timestamp for the full rolling window","status":"passed","title":"uses the acknowledgement timestamp for the full rolling window","duration":187.0635000000002,"failureMessages":[],"meta":{},"tags":[]},{"ancestorTitles":["SES account and region transport quota on D1"],"fullName":"SES account and region transport quota on D1 releases daily quota only for explicit rejection and keeps the rate cooldown","status":"passed","title":"releases daily quota only for explicit rejection and keeps the rate cooldown","duration":183.90562500000124,"failureMessages":[],"meta":{},"tags":[]},{"ancestorTitles":["SES account and region transport quota on D1"],"fullName":"SES account and region transport quota on D1 retains unknown quota beyond 24h (returned), with no automatic resubmission","status":"passed","title":"retains unknown quota beyond 24h (returned), with no automatic resubmission","duration":174.29191700000047,"failureMessages":[],"meta":{},"tags":[]},{"ancestorTitles":["SES account and region transport quota on D1"],"fullName":"SES account and region transport quota on D1 retains unknown quota beyond 24h (thrown), with no automatic resubmission","status":"passed","title":"retains unknown quota beyond 24h (thrown), with no automatic resubmission","duration":169.08799999999974,"failureMessages":[],"meta":{},"tags":[]},{"ancestorTitles":["SES account and region transport quota on D1"],"fullName":"SES account and region transport quota on D1 retains unknown quota beyond 24h (missing-reference), with no automatic resubmission","status":"passed","title":"retains unknown quota beyond 24h (missing-reference), with no automatic resubmission","duration":164.06741600000169,"failureMessages":[],"meta":{},"tags":[]},{"ancestorTitles":["SES account and region transport quota on D1"],"fullName":"SES account and region transport quota on D1 separates accounts and regions, not tenants or rotating credentials","status":"passed","title":"separates accounts and regions, not tenants or rotating credentials","duration":220.83879200000047,"failureMessages":[],"meta":{},"tags":[]},{"ancestorTitles":["SES account and region transport quota on D1"],"fullName":"SES account and region transport quota on D1 requires the active tenant-scoped production SES attempt and durable bridge claim","status":"passed","title":"requires the active tenant-scoped production SES attempt and durable bridge claim","duration":215.61333299999933,"failureMessages":[],"meta":{},"tags":[]},{"ancestorTitles":["SES account and region transport quota on D1"],"fullName":"SES account and region transport quota on D1 bounds policy overrides and never raises sandbox limits","status":"passed","title":"bounds policy overrides and never raises sandbox limits","duration":246.14933399999973,"failureMessages":[],"meta":{},"tags":[]},{"ancestorTitles":["SES account and region transport quota on D1"],"fullName":"SES account and region transport quota on D1 expired and revoked policies revert to conservative default limits","status":"passed","title":"expired and revoked policies revert to conservative default limits","duration":233.87620900000002,"failureMessages":[],"meta":{},"tags":[]},{"ancestorTitles":["SES account and region transport quota on D1"],"fullName":"SES account and region transport quota on D1 domain crash reconciliation frees the mutex while retaining unknown quota and tenant binding","status":"passed","title":"domain crash reconciliation frees the mutex while retaining unknown quota and tenant binding","duration":256.60058299999946,"failureMessages":[],"meta":{},"tags":[]},{"ancestorTitles":["SES account and region transport quota on D1"],"fullName":"SES account and region transport quota on D1 fails closed on malformed configuration or unavailable D1 before provider invocation","status":"passed","title":"fails closed on malformed configuration or unavailable D1 before provider invocation","duration":46.31670900000063,"failureMessages":[],"meta":{},"tags":[]},{"ancestorTitles":["SES account and region transport quota on D1"],"fullName":"SES account and region transport quota on D1 counts a later bound SES accepted fact as acceptance, never as a quota refund","status":"passed","title":"counts a later bound SES accepted fact as acceptance, never as a quota refund","duration":208.76449999999932,"failureMessages":[],"meta":{},"tags":[]},{"ancestorTitles":["SES account and region transport quota on D1"],"fullName":"SES account and region transport quota on D1 counts a later bound SES delivered fact as acceptance, never as a quota refund","status":"passed","title":"counts a later bound SES delivered fact as acceptance, never as a quota refund","duration":206.42870799999946,"failureMessages":[],"meta":{},"tags":[]},{"ancestorTitles":["SES account and region transport quota on D1"],"fullName":"SES account and region transport quota on D1 counts a later bound SES bounced fact as acceptance, never as a quota refund","status":"passed","title":"counts a later bound SES bounced fact as acceptance, never as a quota refund","duration":205.34879199999887,"failureMessages":[],"meta":{},"tags":[]},{"ancestorTitles":["SES account and region transport quota on D1"],"fullName":"SES account and region transport quota on D1 counts a later bound SES complained fact as acceptance, never as a quota refund","status":"passed","title":"counts a later bound SES complained fact as acceptance, never as a quota refund","duration":212.05258399999911,"failureMessages":[],"meta":{},"tags":[]},{"ancestorTitles":["SES account and region transport quota on D1"],"fullName":"SES account and region transport quota on D1 counts a later bound SES failed fact as acceptance, never as a quota refund","status":"passed","title":"counts a later bound SES failed fact as acceptance, never as a quota refund","duration":199.66591700000026,"failureMessages":[],"meta":{},"tags":[]}],"startTime":1789606525571,"endTime":1789606539416.666,"status":"passed","message":"","name":"/Users/nclsppr/Developer/guteneo/tests/unit/ses-send-limits.test.ts"},{"assertionResults":[{"ancestorTitles":["read-only Telnyx inspection"],"fullName":"read-only Telnyx inspection retains validated restrictions while an invalid monetary setting stays unknown","status":"passed","title":"retains validated restrictions while an invalid monetary setting stays unknown","duration":16.92345900000001,"failureMessages":[],"meta":{},"tags":[]},{"ancestorTitles":["read-only Telnyx inspection"],"fullName":"read-only Telnyx inspection accepts unset and decimal-string provider limits","status":"passed","title":"accepts unset and decimal-string provider limits","duration":0.8024169999999913,"failureMessages":[],"meta":{},"tags":[]},{"ancestorTitles":["read-only Telnyx inspection"],"fullName":"read-only Telnyx inspection accepts unset and decimal-string provider limits","status":"passed","title":"accepts unset and decimal-string provider limits","duration":1.9200419999999951,"failureMessages":[],"meta":{},"tags":[]},{"ancestorTitles":["read-only Telnyx inspection"],"fullName":"read-only Telnyx inspection reads only fixed GET routes and projects the configured application, assigned numbers and its profile","status":"passed","title":"reads only fixed GET routes and projects the configured application, assigned numbers and its profile","duration":2.6415000000000077,"failureMessages":[],"meta":{},"tags":[]},{"ancestorTitles":["read-only Telnyx inspection"],"fullName":"read-only Telnyx inspection filters out other connections even if the provider ignores its filter","status":"passed","title":"filters out other connections even if the provider ignores its filter","duration":0.5509169999999983,"failureMessages":[],"meta":{},"tags":[]},{"ancestorTitles":["read-only Telnyx inspection"],"fullName":"read-only Telnyx inspection caps pagination and never follows provider next-page URLs","status":"passed","title":"caps pagination and never follows provider next-page URLs","duration":0.6651669999999967,"failureMessages":[],"meta":{},"tags":[]},{"ancestorTitles":["read-only Telnyx inspection"],"fullName":"read-only Telnyx inspection rejects invalid configuration without any network request","status":"passed","title":"rejects invalid configuration without any network request","duration":0.30562499999999204,"failureMessages":[],"meta":{},"tags":[]},{"ancestorTitles":["read-only Telnyx inspection"],"fullName":"read-only Telnyx inspection does not traverse an application or outbound profile with the wrong returned ID","status":"passed","title":"does not traverse an application or outbound profile with the wrong returned ID","duration":0.4345830000000035,"failureMessages":[],"meta":{},"tags":[]},{"ancestorTitles":["read-only Telnyx inspection"],"fullName":"read-only Telnyx inspection keeps provider failures bounded and does not return response bodies or raw exceptions","status":"passed","title":"keeps provider failures bounded and does not return response bodies or raw exceptions","duration":0.393792000000019,"failureMessages":[],"meta":{},"tags":[]},{"ancestorTitles":["read-only Telnyx inspection"],"fullName":"read-only Telnyx inspection preserves unknown values separately from reported false, zero and unlimited settings","status":"passed","title":"preserves unknown values separately from reported false, zero and unlimited settings","duration":1.0320409999999924,"failureMessages":[],"meta":{},"tags":[]},{"ancestorTitles":["read-only Telnyx inspection"],"fullName":"read-only Telnyx inspection rejects malformed pagination, repeated records and oversized JSON without claiming complete results","status":"passed","title":"rejects malformed pagination, repeated records and oversized JSON without claiming complete results","duration":3.210000000000008,"failureMessages":[],"meta":{},"tags":[]}],"startTime":1789606582725,"endTime":1789606582754.21,"status":"passed","message":"","name":"/Users/nclsppr/Developer/guteneo/tests/unit/telnyx-readiness.test.ts"}]}